#
# A fatal error has been detected by the Java Runtime Environment:
#
#  EXCEPTION_ACCESS_VIOLATION (0xc0000005) at pc=0x00007ff8e19caf3b, pid=7984, tid=6972
#
# JRE version: OpenJDK Runtime Environment (11.0.4+11) (build 11.0.4+11)
# Java VM: OpenJDK 64-Bit Server VM (11.0.4+11, mixed mode, tiered, compressed oops, g1 gc, windows-amd64)
# Problematic frame:
# V  [jvm.dll+0x58af3b]
#
# No core dump will be written. Minidumps are not enabled by default on client versions of Windows
#
# If you would like to submit a bug report, please visit:
#   https://github.com/AdoptOpenJDK/openjdk-build/issues
#

---------------  S U M M A R Y ------------

Command Line: -Dfile.encoding=UTF-8 -agentpath:C:/Program Files/NetBeans-11.1/netbeans/profiler/lib/deployed/jdk16/windows-amd64/profilerinterface.dll=C:\Program Files\NetBeans-11.1\netbeans\profiler\lib,5140,10 -XX:+HeapDumpOnOutOfMemoryError -XX:HeapDumpPath=D:\GitHub\Cellular-Automata-Tool\Cellular Automatool\nbproject\private\profiler gui.MainFrame

Host: Intel(R) Core(TM) i5-8400 CPU @ 2.80GHz, 6 cores, 23G,  Windows 10 , 64 bit Build 19041 (10.0.19041.1202)
Time: Tue Nov  2 22:54:56 2021 Romance Standard Time elapsed time: 2 seconds (0d 0h 0m 2s)

---------------  T H R E A D  ---------------

Current thread (0x0000028b3fee6800):  JavaThread "*** Profiler Agent Communication Thread" daemon [_thread_in_vm, id=6972, stack(0x000000dab3a00000,0x000000dab3b00000)]

Stack: [0x000000dab3a00000,0x000000dab3b00000],  sp=0x000000dab3afea70,  free space=1018k
Native frames: (J=compiled Java code, j=interpreted, Vv=VM code, C=native code)
V  [jvm.dll+0x58af3b]
V  [jvm.dll+0x465810]
C  [profilerinterface.dll+0x34da]

Java frames: (J=compiled Java code, j=interpreted, Vv=VM code)
j  org.netbeans.lib.profiler.server.system.Stacks.getMethodNamesForJMethodIds(I[I[I)[B+0
j  org.netbeans.lib.profiler.server.ProfilerInterface.getMethodNamesForJMethodIds([I)Lorg/netbeans/lib/profiler/wireprotocol/MethodNamesResponse;+20
j  org.netbeans.lib.profiler.server.ProfilerServer.handleClientCommand(Lorg/netbeans/lib/profiler/wireprotocol/Command;)V+691
j  org.netbeans.lib.profiler.server.ProfilerServer.listenToClient()V+48
j  org.netbeans.lib.profiler.server.ProfilerServer.run()V+22
v  ~StubRoutines::call_stub

siginfo: EXCEPTION_ACCESS_VIOLATION (0xc0000005), reading address 0x0000000041fade70


Register to memory mapping:

RIP=0x00007ff8e19caf3b jvm.dll
RAX=0x000000dab3afea01 is pointing into the stack for thread: 0x0000028b3fee6800
RBX=0x000000dab3afeb90 is pointing into the stack for thread: 0x0000028b3fee6800
RCX=0x0000000041fade70 is an unknown value
RDX=0x0000028b3fee6800 is a thread
RSP=0x000000dab3afea70 is pointing into the stack for thread: 0x0000028b3fee6800
RBP=0x0000000041fade70 is an unknown value
RSI=0x0000028b14db6f90 points into unknown readable memory: e0 51 dd e1 f8 7f 00 00
RDI=0x0000028b3fee6800 is a thread
R8 =0x000000dab3afeb90 is pointing into the stack for thread: 0x0000028b3fee6800
R9 =0x0000000000000160 is an unknown value
R10=0x0 is NULL
R11=0x000000dab3afea68 is pointing into the stack for thread: 0x0000028b3fee6800
R12=0x0000028b439de010 points into unknown readable memory: 70 de fa 41 d8 f6 00 42
R13=0x000000000000015c is an unknown value
R14=0x00007ff92c3a9c68 profilerinterface.dll
R15=0x00007ff92c3a9a60 profilerinterface.dll


Registers:
RAX=0x000000dab3afea01, RBX=0x000000dab3afeb90, RCX=0x0000000041fade70, RDX=0x0000028b3fee6800
RSP=0x000000dab3afea70, RBP=0x0000000041fade70, RSI=0x0000028b14db6f90, RDI=0x0000028b3fee6800
R8 =0x000000dab3afeb90, R9 =0x0000000000000160, R10=0x0000000000000000, R11=0x000000dab3afea68
R12=0x0000028b439de010, R13=0x000000000000015c, R14=0x00007ff92c3a9c68, R15=0x00007ff92c3a9a60
RIP=0x00007ff8e19caf3b, EFLAGS=0x0000000000010202

Top of Stack: (sp=0x000000dab3afea70)
0x000000dab3afea70:   000000000000015c 0000000000000000
0x000000dab3afea80:   0000028b3fee6800 000000dab3afec48
0x000000dab3afea90:   000000dab3afeb90 00007ff8e18a5810
0x000000dab3afeaa0:   000000dab3afeb90 000000dab3afeb90
0x000000dab3afeab0:   0000028b3fee6b40 00007ff933059d40
0x000000dab3afeac0:   0000028b3fee6800 0000000000000000
0x000000dab3afead0:   0000028b00000000 0000000000000000
0x000000dab3afeae0:   0000000000200021 00007ff92c3a34da
0x000000dab3afeaf0:   0000028b3fee6800 0000000041fade70
0x000000dab3afeb00:   0000000000000000 0000028b3fee6b40
0x000000dab3afeb10:   0000028b439de010 0000028b3fee6800
0x000000dab3afeb20:   0000000000200021 0000028b1edac6a4
0x000000dab3afeb30:   0000028b41167080 0000028b3fee6800
0x000000dab3afeb40:   0000028b1ed69880 0000000000200021
0x000000dab3afeb50:   0000028b3fee6800 0000028b41167080
0x000000dab3afeb60:   0000000000000000 0000028b1ed69880 

Instructions: (pc=0x00007ff8e19caf3b)
0x00007ff8e19cae3b:   c6 05 1f ac 45 00 01 eb 61 48 8b 54 24 20 45 33
0x00007ff8e19cae4b:   c0 48 8b 05 9d 3e 41 00 48 83 c2 18 48 8b ce ff
0x00007ff8e19cae5b:   d0 48 85 c0 74 20 48 8b 44 24 20 48 8b d6 48 8b
0x00007ff8e19cae6b:   48 08 48 8b 41 08 48 8b 48 18 48 8b 89 98 00 00
0x00007ff8e19cae7b:   00 e8 2f f7 ff ff 38 1d 02 e4 45 00 74 13 48 8b
0x00007ff8e19cae8b:   4c 24 20 48 8b d7 e8 4a 2b 00 00 48 39 5f 08 75
0x00007ff8e19cae9b:   09 48 8b 44 24 20 48 8b 58 18 48 8d 4c 24 20 e8
0x00007ff8e19caeab:   61 00 da ff 48 8b 74 24 48 48 8b c3 48 8b 5c 24
0x00007ff8e19caebb:   40 48 83 c4 30 5f c3 cc cc cc cc cc cc cc cc cc
0x00007ff8e19caecb:   cc cc cc cc cc 48 8b 51 08 4c 8b c1 48 8b 42 08
0x00007ff8e19caedb:   0f b6 52 24 c0 ea 06 48 8b 48 18 8b 81 a4 00 00
0x00007ff8e19caeeb:   00 f6 c2 01 75 27 48 85 c9 74 14 8b c8 c1 e9 09
0x00007ff8e19caefb:   f6 c1 01 74 0a 41 f7 40 20 02 04 00 00 74 0e 41
0x00007ff8e19caf0b:   8b 48 20 0b c8 f6 c1 10 74 03 b0 01 c3 41 83 78
0x00007ff8e19caf1b:   24 fe 0f 94 c0 c3 cc cc cc cc cc cc cc cc cc cc
0x00007ff8e19caf2b:   cc cc cc cc cc 40 53 48 83 ec 20 48 85 c9 74 24
0x00007ff8e19caf3b:   48 8b 19 48 85 db 74 1c 48 83 fb 37 74 16 48 8b
0x00007ff8e19caf4b:   13 48 8b cb ff 52 10 84 c0 74 09 48 8b c3 48 83
0x00007ff8e19caf5b:   c4 20 5b c3 33 c0 48 83 c4 20 5b c3 cc cc cc cc
0x00007ff8e19caf6b:   cc cc cc cc cc 40 53 55 41 56 41 57 48 83 ec 28
0x00007ff8e19caf7b:   48 8b 41 08 33 ed 4c 8b f1 48 8b 50 08 4c 8b 7a
0x00007ff8e19caf8b:   18 49 8b 9f 70 01 00 00 48 85 db 0f 84 d5 00 00
0x00007ff8e19caf9b:   00 8b 15 6a 9a 49 00 65 48 8b 04 25 58 00 00 00
0x00007ff8e19cafab:   48 89 74 24 50 4c 89 64 24 60 4c 89 6c 24 20 41
0x00007ff8e19cafbb:   bd ff ff 00 00 4c 8d 24 d0 41 b8 08 00 00 00 48
0x00007ff8e19cafcb:   89 7c 24 58 90 49 8b 56 08 48 8b 73 10 0f b7 42
0x00007ff8e19cafdb:   2a 66 39 43 08 75 6c 0f b7 42 2c 66 39 43 0a 75
0x00007ff8e19cafeb:   62 48 63 4b 04 0f b6 03 88 44 11 38 49 8b 04 24
0x00007ff8e19caffb:   41 8b c8 48 8b 3c 01 49 8b ce 48 8b d7 e8 c3 79
0x00007ff8e19cb00b:   c1 ff 48 83 7f 08 00 75 0a 48 85 c0 74 05 66 44
0x00007ff8e19cb01b:   01 68 16 48 85 ed 74 14 48 8b cb 48 89 75 10 e8
0x00007ff8e19cb02b:   21 5d b2 ff 41 b8 08 00 00 00 eb 1a 48 8b cb 49 


Stack slot to memory mapping:
stack at sp + 0 slots: 0x000000000000015c is an unknown value
stack at sp + 1 slots: 0x0 is NULL
stack at sp + 2 slots: 0x0000028b3fee6800 is a thread
stack at sp + 3 slots: 0x000000dab3afec48 is pointing into the stack for thread: 0x0000028b3fee6800
stack at sp + 4 slots: 0x000000dab3afeb90 is pointing into the stack for thread: 0x0000028b3fee6800
stack at sp + 5 slots: 0x00007ff8e18a5810 jvm.dll
stack at sp + 6 slots: 0x000000dab3afeb90 is pointing into the stack for thread: 0x0000028b3fee6800
stack at sp + 7 slots: 0x000000dab3afeb90 is pointing into the stack for thread: 0x0000028b3fee6800


---------------  P R O C E S S  ---------------

Threads class SMR info:
_java_thread_list=0x0000028b4279ecd0, length=20, elements={
0x0000028b3fc70000, 0x0000028b3fc7b000, 0x0000028b3fcd0800, 0x0000028b3fcd3800,
0x0000028b3fcd4800, 0x0000028b3fce1000, 0x0000028b3fce7800, 0x0000028b3fe82000,
0x0000028b3fee6800, 0x0000028b403ff800, 0x0000028b40402800, 0x0000028b40725000,
0x0000028b40726000, 0x0000028b4191c800, 0x0000028b40b3e000, 0x0000028b40b34800,
0x0000028b41982000, 0x0000028b16645000, 0x0000028b4a1bc000, 0x0000028b4271e000
}

Java Threads: ( => current thread )
  0x0000028b3fc70000 JavaThread "Reference Handler" daemon [_thread_blocked, id=14888, stack(0x000000dab3200000,0x000000dab3300000)]
  0x0000028b3fc7b000 JavaThread "Finalizer" daemon [_thread_blocked, id=18868, stack(0x000000dab3300000,0x000000dab3400000)]
  0x0000028b3fcd0800 JavaThread "Signal Dispatcher" daemon [_thread_blocked, id=20052, stack(0x000000dab3400000,0x000000dab3500000)]
  0x0000028b3fcd3800 JavaThread "Attach Listener" daemon [_thread_blocked, id=2176, stack(0x000000dab3500000,0x000000dab3600000)]
  0x0000028b3fcd4800 JavaThread "C2 CompilerThread0" daemon [_thread_blocked, id=16304, stack(0x000000dab3600000,0x000000dab3700000)]
  0x0000028b3fce1000 JavaThread "C1 CompilerThread0" daemon [_thread_blocked, id=16668, stack(0x000000dab3700000,0x000000dab3800000)]
  0x0000028b3fce7800 JavaThread "Sweeper thread" daemon [_thread_blocked, id=13484, stack(0x000000dab3800000,0x000000dab3900000)]
  0x0000028b3fe82000 JavaThread "Common-Cleaner" daemon [_thread_blocked, id=10868, stack(0x000000dab3900000,0x000000dab3a00000)]
=>0x0000028b3fee6800 JavaThread "*** Profiler Agent Communication Thread" daemon [_thread_in_vm, id=6972, stack(0x000000dab3a00000,0x000000dab3b00000)]
  0x0000028b403ff800 JavaThread "*** JFluid Monitor thread ***" daemon [_thread_blocked, id=17752, stack(0x000000dab3b00000,0x000000dab3c00000)]
  0x0000028b40402800 JavaThread "*** Profiler Agent Special Execution Thread 6" daemon [_thread_blocked, id=20400, stack(0x000000dab3c00000,0x000000dab3d00000)]
  0x0000028b40725000 JavaThread "*** Profiler Agent Special Execution Thread 10" daemon [_thread_blocked, id=4172, stack(0x000000dab3e00000,0x000000dab3f00000)]
  0x0000028b40726000 JavaThread "Service Thread" daemon [_thread_blocked, id=19564, stack(0x000000dab3d00000,0x000000dab3e00000)]
  0x0000028b4191c800 JavaThread "Java2D Disposer" daemon [_thread_blocked, id=13400, stack(0x000000dab4100000,0x000000dab4200000)]
  0x0000028b40b3e000 JavaThread "AWT-Shutdown" [_thread_blocked, id=17872, stack(0x000000dab4200000,0x000000dab4300000)]
  0x0000028b40b34800 JavaThread "AWT-Windows" daemon [_thread_in_native, id=14524, stack(0x000000dab4300000,0x000000dab4400000)]
  0x0000028b41982000 JavaThread "AWT-EventQueue-0" [_thread_blocked, id=19964, stack(0x000000dab4400000,0x000000dab4500000)]
  0x0000028b16645000 JavaThread "DestroyJavaVM" [_thread_blocked, id=1300, stack(0x000000dab2b00000,0x000000dab2c00000)]
  0x0000028b4a1bc000 JavaThread "D3D Screen Updater" daemon [_thread_blocked, id=13516, stack(0x000000dab4900000,0x000000dab4a00000)]
  0x0000028b4271e000 JavaThread "TimerQueue" daemon [_thread_blocked, id=3536, stack(0x000000dab4b00000,0x000000dab4c00000)]

Other Threads:
  0x0000028b3fc4c000 VMThread "VM Thread" [stack: 0x000000dab3100000,0x000000dab3200000] [id=20284]
  0x0000028b40727000 WatcherThread [stack: 0x000000dab3f00000,0x000000dab4000000] [id=11920]
  0x0000028b1665c800 GCTaskThread "GC Thread#0" [stack: 0x000000dab2c00000,0x000000dab2d00000] [id=18252]
  0x0000028b166e5000 ConcurrentGCThread "G1 Main Marker" [stack: 0x000000dab2d00000,0x000000dab2e00000] [id=18816]
  0x0000028b166e6800 ConcurrentGCThread "G1 Conc#0" [stack: 0x000000dab2e00000,0x000000dab2f00000] [id=14720]
  0x0000028b3f2a2000 ConcurrentGCThread "G1 Refine#0" [stack: 0x000000dab2f00000,0x000000dab3000000] [id=6376]
  0x0000028b3f2a3000 ConcurrentGCThread "G1 Young RemSet Sampling" [stack: 0x000000dab3000000,0x000000dab3100000] [id=18500]

Threads with active compile tasks:

VM state:synchronizing (normal execution)

VM Mutex/Monitor currently owned by a thread:  ([mutex/lock_event])
[0x0000028b16641580] Threads_lock - owner thread: 0x0000028b3fc4c000

Heap address: 0x0000000680e00000, size: 6130 MB, Compressed Oops mode: Zero based, Oop shift amount: 3
Narrow klass base: 0x0000000800000000, Narrow klass shift: 0
Compressed class space size: 1073741824 Address: 0x0000000800000000

Heap:
 garbage-first heap   total 393216K, used 21504K [0x0000000680e00000, 0x0000000800000000)
  region size 1024K, 20 young (20480K), 0 survivors (0K)
 Metaspace       used 20694K, capacity 21180K, committed 21248K, reserved 1069056K
  class space    used 2313K, capacity 2549K, committed 2560K, reserved 1048576K
Heap Regions: E=young(eden), S=young(survivor), O=old, HS=humongous(starts), HC=humongous(continues), CS=collection set, F=free, A=archive, TAMS=top-at-mark-start (previous, next)
|   0|0x0000000680e00000, 0x0000000680f00000, 0x0000000680f00000|100%|HS|  |TAMS 0x0000000680e00000, 0x0000000680e00000| Complete 
|   1|0x0000000680f00000, 0x0000000681000000, 0x0000000681000000|100%|HC|  |TAMS 0x0000000680f00000, 0x0000000680f00000| Complete 
|   2|0x0000000681000000, 0x0000000681000000, 0x0000000681100000|  0%| F|  |TAMS 0x0000000681000000, 0x0000000681000000| Untracked 
|   3|0x0000000681100000, 0x0000000681100000, 0x0000000681200000|  0%| F|  |TAMS 0x0000000681100000, 0x0000000681100000| Untracked 
|   4|0x0000000681200000, 0x0000000681200000, 0x0000000681300000|  0%| F|  |TAMS 0x0000000681200000, 0x0000000681200000| Untracked 
|   5|0x0000000681300000, 0x0000000681300000, 0x0000000681400000|  0%| F|  |TAMS 0x0000000681300000, 0x0000000681300000| Untracked 
|   6|0x0000000681400000, 0x0000000681400000, 0x0000000681500000|  0%| F|  |TAMS 0x0000000681400000, 0x0000000681400000| Untracked 
|   7|0x0000000681500000, 0x0000000681500000, 0x0000000681600000|  0%| F|  |TAMS 0x0000000681500000, 0x0000000681500000| Untracked 
|   8|0x0000000681600000, 0x0000000681600000, 0x0000000681700000|  0%| F|  |TAMS 0x0000000681600000, 0x0000000681600000| Untracked 
|   9|0x0000000681700000, 0x0000000681700000, 0x0000000681800000|  0%| F|  |TAMS 0x0000000681700000, 0x0000000681700000| Untracked 
|  10|0x0000000681800000, 0x0000000681800000, 0x0000000681900000|  0%| F|  |TAMS 0x0000000681800000, 0x0000000681800000| Untracked 
|  11|0x0000000681900000, 0x0000000681900000, 0x0000000681a00000|  0%| F|  |TAMS 0x0000000681900000, 0x0000000681900000| Untracked 
|  12|0x0000000681a00000, 0x0000000681a00000, 0x0000000681b00000|  0%| F|  |TAMS 0x0000000681a00000, 0x0000000681a00000| Untracked 
|  13|0x0000000681b00000, 0x0000000681b00000, 0x0000000681c00000|  0%| F|  |TAMS 0x0000000681b00000, 0x0000000681b00000| Untracked 
|  14|0x0000000681c00000, 0x0000000681c00000, 0x0000000681d00000|  0%| F|  |TAMS 0x0000000681c00000, 0x0000000681c00000| Untracked 
|  15|0x0000000681d00000, 0x0000000681d00000, 0x0000000681e00000|  0%| F|  |TAMS 0x0000000681d00000, 0x0000000681d00000| Untracked 
|  16|0x0000000681e00000, 0x0000000681e00000, 0x0000000681f00000|  0%| F|  |TAMS 0x0000000681e00000, 0x0000000681e00000| Untracked 
|  17|0x0000000681f00000, 0x0000000681f00000, 0x0000000682000000|  0%| F|  |TAMS 0x0000000681f00000, 0x0000000681f00000| Untracked 
|  18|0x0000000682000000, 0x0000000682000000, 0x0000000682100000|  0%| F|  |TAMS 0x0000000682000000, 0x0000000682000000| Untracked 
|  19|0x0000000682100000, 0x0000000682100000, 0x0000000682200000|  0%| F|  |TAMS 0x0000000682100000, 0x0000000682100000| Untracked 
|  20|0x0000000682200000, 0x0000000682200000, 0x0000000682300000|  0%| F|  |TAMS 0x0000000682200000, 0x0000000682200000| Untracked 
|  21|0x0000000682300000, 0x0000000682300000, 0x0000000682400000|  0%| F|  |TAMS 0x0000000682300000, 0x0000000682300000| Untracked 
|  22|0x0000000682400000, 0x0000000682400000, 0x0000000682500000|  0%| F|  |TAMS 0x0000000682400000, 0x0000000682400000| Untracked 
|  23|0x0000000682500000, 0x0000000682500000, 0x0000000682600000|  0%| F|  |TAMS 0x0000000682500000, 0x0000000682500000| Untracked 
|  24|0x0000000682600000, 0x0000000682600000, 0x0000000682700000|  0%| F|  |TAMS 0x0000000682600000, 0x0000000682600000| Untracked 
|  25|0x0000000682700000, 0x0000000682700000, 0x0000000682800000|  0%| F|  |TAMS 0x0000000682700000, 0x0000000682700000| Untracked 
|  26|0x0000000682800000, 0x0000000682800000, 0x0000000682900000|  0%| F|  |TAMS 0x0000000682800000, 0x0000000682800000| Untracked 
|  27|0x0000000682900000, 0x0000000682900000, 0x0000000682a00000|  0%| F|  |TAMS 0x0000000682900000, 0x0000000682900000| Untracked 
|  28|0x0000000682a00000, 0x0000000682a00000, 0x0000000682b00000|  0%| F|  |TAMS 0x0000000682a00000, 0x0000000682a00000| Untracked 
|  29|0x0000000682b00000, 0x0000000682b00000, 0x0000000682c00000|  0%| F|  |TAMS 0x0000000682b00000, 0x0000000682b00000| Untracked 
|  30|0x0000000682c00000, 0x0000000682c00000, 0x0000000682d00000|  0%| F|  |TAMS 0x0000000682c00000, 0x0000000682c00000| Untracked 
|  31|0x0000000682d00000, 0x0000000682d00000, 0x0000000682e00000|  0%| F|  |TAMS 0x0000000682d00000, 0x0000000682d00000| Untracked 
|  32|0x0000000682e00000, 0x0000000682e00000, 0x0000000682f00000|  0%| F|  |TAMS 0x0000000682e00000, 0x0000000682e00000| Untracked 
|  33|0x0000000682f00000, 0x0000000682f00000, 0x0000000683000000|  0%| F|  |TAMS 0x0000000682f00000, 0x0000000682f00000| Untracked 
|  34|0x0000000683000000, 0x0000000683000000, 0x0000000683100000|  0%| F|  |TAMS 0x0000000683000000, 0x0000000683000000| Untracked 
|  35|0x0000000683100000, 0x0000000683100000, 0x0000000683200000|  0%| F|  |TAMS 0x0000000683100000, 0x0000000683100000| Untracked 
|  36|0x0000000683200000, 0x0000000683200000, 0x0000000683300000|  0%| F|  |TAMS 0x0000000683200000, 0x0000000683200000| Untracked 
|  37|0x0000000683300000, 0x0000000683300000, 0x0000000683400000|  0%| F|  |TAMS 0x0000000683300000, 0x0000000683300000| Untracked 
|  38|0x0000000683400000, 0x0000000683400000, 0x0000000683500000|  0%| F|  |TAMS 0x0000000683400000, 0x0000000683400000| Untracked 
|  39|0x0000000683500000, 0x0000000683500000, 0x0000000683600000|  0%| F|  |TAMS 0x0000000683500000, 0x0000000683500000| Untracked 
|  40|0x0000000683600000, 0x0000000683600000, 0x0000000683700000|  0%| F|  |TAMS 0x0000000683600000, 0x0000000683600000| Untracked 
|  41|0x0000000683700000, 0x0000000683700000, 0x0000000683800000|  0%| F|  |TAMS 0x0000000683700000, 0x0000000683700000| Untracked 
|  42|0x0000000683800000, 0x0000000683800000, 0x0000000683900000|  0%| F|  |TAMS 0x0000000683800000, 0x0000000683800000| Untracked 
|  43|0x0000000683900000, 0x0000000683900000, 0x0000000683a00000|  0%| F|  |TAMS 0x0000000683900000, 0x0000000683900000| Untracked 
|  44|0x0000000683a00000, 0x0000000683a00000, 0x0000000683b00000|  0%| F|  |TAMS 0x0000000683a00000, 0x0000000683a00000| Untracked 
|  45|0x0000000683b00000, 0x0000000683b00000, 0x0000000683c00000|  0%| F|  |TAMS 0x0000000683b00000, 0x0000000683b00000| Untracked 
|  46|0x0000000683c00000, 0x0000000683c00000, 0x0000000683d00000|  0%| F|  |TAMS 0x0000000683c00000, 0x0000000683c00000| Untracked 
|  47|0x0000000683d00000, 0x0000000683d00000, 0x0000000683e00000|  0%| F|  |TAMS 0x0000000683d00000, 0x0000000683d00000| Untracked 
|  48|0x0000000683e00000, 0x0000000683e00000, 0x0000000683f00000|  0%| F|  |TAMS 0x0000000683e00000, 0x0000000683e00000| Untracked 
|  49|0x0000000683f00000, 0x0000000683f00000, 0x0000000684000000|  0%| F|  |TAMS 0x0000000683f00000, 0x0000000683f00000| Untracked 
|  50|0x0000000684000000, 0x0000000684000000, 0x0000000684100000|  0%| F|  |TAMS 0x0000000684000000, 0x0000000684000000| Untracked 
|  51|0x0000000684100000, 0x0000000684100000, 0x0000000684200000|  0%| F|  |TAMS 0x0000000684100000, 0x0000000684100000| Untracked 
|  52|0x0000000684200000, 0x0000000684200000, 0x0000000684300000|  0%| F|  |TAMS 0x0000000684200000, 0x0000000684200000| Untracked 
|  53|0x0000000684300000, 0x0000000684300000, 0x0000000684400000|  0%| F|  |TAMS 0x0000000684300000, 0x0000000684300000| Untracked 
|  54|0x0000000684400000, 0x0000000684400000, 0x0000000684500000|  0%| F|  |TAMS 0x0000000684400000, 0x0000000684400000| Untracked 
|  55|0x0000000684500000, 0x0000000684500000, 0x0000000684600000|  0%| F|  |TAMS 0x0000000684500000, 0x0000000684500000| Untracked 
|  56|0x0000000684600000, 0x0000000684600000, 0x0000000684700000|  0%| F|  |TAMS 0x0000000684600000, 0x0000000684600000| Untracked 
|  57|0x0000000684700000, 0x0000000684700000, 0x0000000684800000|  0%| F|  |TAMS 0x0000000684700000, 0x0000000684700000| Untracked 
|  58|0x0000000684800000, 0x0000000684800000, 0x0000000684900000|  0%| F|  |TAMS 0x0000000684800000, 0x0000000684800000| Untracked 
|  59|0x0000000684900000, 0x0000000684900000, 0x0000000684a00000|  0%| F|  |TAMS 0x0000000684900000, 0x0000000684900000| Untracked 
|  60|0x0000000684a00000, 0x0000000684a00000, 0x0000000684b00000|  0%| F|  |TAMS 0x0000000684a00000, 0x0000000684a00000| Untracked 
|  61|0x0000000684b00000, 0x0000000684b00000, 0x0000000684c00000|  0%| F|  |TAMS 0x0000000684b00000, 0x0000000684b00000| Untracked 
|  62|0x0000000684c00000, 0x0000000684c00000, 0x0000000684d00000|  0%| F|  |TAMS 0x0000000684c00000, 0x0000000684c00000| Untracked 
|  63|0x0000000684d00000, 0x0000000684d00000, 0x0000000684e00000|  0%| F|  |TAMS 0x0000000684d00000, 0x0000000684d00000| Untracked 
|  64|0x0000000684e00000, 0x0000000684e00000, 0x0000000684f00000|  0%| F|  |TAMS 0x0000000684e00000, 0x0000000684e00000| Untracked 
|  65|0x0000000684f00000, 0x0000000684f00000, 0x0000000685000000|  0%| F|  |TAMS 0x0000000684f00000, 0x0000000684f00000| Untracked 
|  66|0x0000000685000000, 0x0000000685000000, 0x0000000685100000|  0%| F|  |TAMS 0x0000000685000000, 0x0000000685000000| Untracked 
|  67|0x0000000685100000, 0x0000000685100000, 0x0000000685200000|  0%| F|  |TAMS 0x0000000685100000, 0x0000000685100000| Untracked 
|  68|0x0000000685200000, 0x0000000685200000, 0x0000000685300000|  0%| F|  |TAMS 0x0000000685200000, 0x0000000685200000| Untracked 
|  69|0x0000000685300000, 0x0000000685300000, 0x0000000685400000|  0%| F|  |TAMS 0x0000000685300000, 0x0000000685300000| Untracked 
|  70|0x0000000685400000, 0x0000000685400000, 0x0000000685500000|  0%| F|  |TAMS 0x0000000685400000, 0x0000000685400000| Untracked 
|  71|0x0000000685500000, 0x0000000685500000, 0x0000000685600000|  0%| F|  |TAMS 0x0000000685500000, 0x0000000685500000| Untracked 
|  72|0x0000000685600000, 0x0000000685600000, 0x0000000685700000|  0%| F|  |TAMS 0x0000000685600000, 0x0000000685600000| Untracked 
|  73|0x0000000685700000, 0x0000000685700000, 0x0000000685800000|  0%| F|  |TAMS 0x0000000685700000, 0x0000000685700000| Untracked 
|  74|0x0000000685800000, 0x0000000685800000, 0x0000000685900000|  0%| F|  |TAMS 0x0000000685800000, 0x0000000685800000| Untracked 
|  75|0x0000000685900000, 0x0000000685900000, 0x0000000685a00000|  0%| F|  |TAMS 0x0000000685900000, 0x0000000685900000| Untracked 
|  76|0x0000000685a00000, 0x0000000685a00000, 0x0000000685b00000|  0%| F|  |TAMS 0x0000000685a00000, 0x0000000685a00000| Untracked 
|  77|0x0000000685b00000, 0x0000000685b00000, 0x0000000685c00000|  0%| F|  |TAMS 0x0000000685b00000, 0x0000000685b00000| Untracked 
|  78|0x0000000685c00000, 0x0000000685c00000, 0x0000000685d00000|  0%| F|  |TAMS 0x0000000685c00000, 0x0000000685c00000| Untracked 
|  79|0x0000000685d00000, 0x0000000685d00000, 0x0000000685e00000|  0%| F|  |TAMS 0x0000000685d00000, 0x0000000685d00000| Untracked 
|  80|0x0000000685e00000, 0x0000000685e00000, 0x0000000685f00000|  0%| F|  |TAMS 0x0000000685e00000, 0x0000000685e00000| Untracked 
|  81|0x0000000685f00000, 0x0000000685f00000, 0x0000000686000000|  0%| F|  |TAMS 0x0000000685f00000, 0x0000000685f00000| Untracked 
|  82|0x0000000686000000, 0x0000000686000000, 0x0000000686100000|  0%| F|  |TAMS 0x0000000686000000, 0x0000000686000000| Untracked 
|  83|0x0000000686100000, 0x0000000686100000, 0x0000000686200000|  0%| F|  |TAMS 0x0000000686100000, 0x0000000686100000| Untracked 
|  84|0x0000000686200000, 0x0000000686200000, 0x0000000686300000|  0%| F|  |TAMS 0x0000000686200000, 0x0000000686200000| Untracked 
|  85|0x0000000686300000, 0x0000000686300000, 0x0000000686400000|  0%| F|  |TAMS 0x0000000686300000, 0x0000000686300000| Untracked 
|  86|0x0000000686400000, 0x0000000686400000, 0x0000000686500000|  0%| F|  |TAMS 0x0000000686400000, 0x0000000686400000| Untracked 
|  87|0x0000000686500000, 0x0000000686500000, 0x0000000686600000|  0%| F|  |TAMS 0x0000000686500000, 0x0000000686500000| Untracked 
|  88|0x0000000686600000, 0x0000000686600000, 0x0000000686700000|  0%| F|  |TAMS 0x0000000686600000, 0x0000000686600000| Untracked 
|  89|0x0000000686700000, 0x0000000686700000, 0x0000000686800000|  0%| F|  |TAMS 0x0000000686700000, 0x0000000686700000| Untracked 
|  90|0x0000000686800000, 0x0000000686800000, 0x0000000686900000|  0%| F|  |TAMS 0x0000000686800000, 0x0000000686800000| Untracked 
|  91|0x0000000686900000, 0x0000000686900000, 0x0000000686a00000|  0%| F|  |TAMS 0x0000000686900000, 0x0000000686900000| Untracked 
|  92|0x0000000686a00000, 0x0000000686a00000, 0x0000000686b00000|  0%| F|  |TAMS 0x0000000686a00000, 0x0000000686a00000| Untracked 
|  93|0x0000000686b00000, 0x0000000686b00000, 0x0000000686c00000|  0%| F|  |TAMS 0x0000000686b00000, 0x0000000686b00000| Untracked 
|  94|0x0000000686c00000, 0x0000000686c00000, 0x0000000686d00000|  0%| F|  |TAMS 0x0000000686c00000, 0x0000000686c00000| Untracked 
|  95|0x0000000686d00000, 0x0000000686d00000, 0x0000000686e00000|  0%| F|  |TAMS 0x0000000686d00000, 0x0000000686d00000| Untracked 
|  96|0x0000000686e00000, 0x0000000686e00000, 0x0000000686f00000|  0%| F|  |TAMS 0x0000000686e00000, 0x0000000686e00000| Untracked 
|  97|0x0000000686f00000, 0x0000000686f00000, 0x0000000687000000|  0%| F|  |TAMS 0x0000000686f00000, 0x0000000686f00000| Untracked 
|  98|0x0000000687000000, 0x0000000687000000, 0x0000000687100000|  0%| F|  |TAMS 0x0000000687000000, 0x0000000687000000| Untracked 
|  99|0x0000000687100000, 0x0000000687100000, 0x0000000687200000|  0%| F|  |TAMS 0x0000000687100000, 0x0000000687100000| Untracked 
| 100|0x0000000687200000, 0x0000000687200000, 0x0000000687300000|  0%| F|  |TAMS 0x0000000687200000, 0x0000000687200000| Untracked 
| 101|0x0000000687300000, 0x0000000687300000, 0x0000000687400000|  0%| F|  |TAMS 0x0000000687300000, 0x0000000687300000| Untracked 
| 102|0x0000000687400000, 0x0000000687400000, 0x0000000687500000|  0%| F|  |TAMS 0x0000000687400000, 0x0000000687400000| Untracked 
| 103|0x0000000687500000, 0x0000000687500000, 0x0000000687600000|  0%| F|  |TAMS 0x0000000687500000, 0x0000000687500000| Untracked 
| 104|0x0000000687600000, 0x0000000687600000, 0x0000000687700000|  0%| F|  |TAMS 0x0000000687600000, 0x0000000687600000| Untracked 
| 105|0x0000000687700000, 0x0000000687700000, 0x0000000687800000|  0%| F|  |TAMS 0x0000000687700000, 0x0000000687700000| Untracked 
| 106|0x0000000687800000, 0x0000000687800000, 0x0000000687900000|  0%| F|  |TAMS 0x0000000687800000, 0x0000000687800000| Untracked 
| 107|0x0000000687900000, 0x0000000687900000, 0x0000000687a00000|  0%| F|  |TAMS 0x0000000687900000, 0x0000000687900000| Untracked 
| 108|0x0000000687a00000, 0x0000000687a00000, 0x0000000687b00000|  0%| F|  |TAMS 0x0000000687a00000, 0x0000000687a00000| Untracked 
| 109|0x0000000687b00000, 0x0000000687b00000, 0x0000000687c00000|  0%| F|  |TAMS 0x0000000687b00000, 0x0000000687b00000| Untracked 
| 110|0x0000000687c00000, 0x0000000687c00000, 0x0000000687d00000|  0%| F|  |TAMS 0x0000000687c00000, 0x0000000687c00000| Untracked 
| 111|0x0000000687d00000, 0x0000000687d00000, 0x0000000687e00000|  0%| F|  |TAMS 0x0000000687d00000, 0x0000000687d00000| Untracked 
| 112|0x0000000687e00000, 0x0000000687e00000, 0x0000000687f00000|  0%| F|  |TAMS 0x0000000687e00000, 0x0000000687e00000| Untracked 
| 113|0x0000000687f00000, 0x0000000687f00000, 0x0000000688000000|  0%| F|  |TAMS 0x0000000687f00000, 0x0000000687f00000| Untracked 
| 114|0x0000000688000000, 0x0000000688000000, 0x0000000688100000|  0%| F|  |TAMS 0x0000000688000000, 0x0000000688000000| Untracked 
| 115|0x0000000688100000, 0x0000000688100000, 0x0000000688200000|  0%| F|  |TAMS 0x0000000688100000, 0x0000000688100000| Untracked 
| 116|0x0000000688200000, 0x0000000688200000, 0x0000000688300000|  0%| F|  |TAMS 0x0000000688200000, 0x0000000688200000| Untracked 
| 117|0x0000000688300000, 0x0000000688300000, 0x0000000688400000|  0%| F|  |TAMS 0x0000000688300000, 0x0000000688300000| Untracked 
| 118|0x0000000688400000, 0x0000000688400000, 0x0000000688500000|  0%| F|  |TAMS 0x0000000688400000, 0x0000000688400000| Untracked 
| 119|0x0000000688500000, 0x0000000688500000, 0x0000000688600000|  0%| F|  |TAMS 0x0000000688500000, 0x0000000688500000| Untracked 
| 120|0x0000000688600000, 0x0000000688600000, 0x0000000688700000|  0%| F|  |TAMS 0x0000000688600000, 0x0000000688600000| Untracked 
| 121|0x0000000688700000, 0x0000000688700000, 0x0000000688800000|  0%| F|  |TAMS 0x0000000688700000, 0x0000000688700000| Untracked 
| 122|0x0000000688800000, 0x0000000688800000, 0x0000000688900000|  0%| F|  |TAMS 0x0000000688800000, 0x0000000688800000| Untracked 
| 123|0x0000000688900000, 0x0000000688900000, 0x0000000688a00000|  0%| F|  |TAMS 0x0000000688900000, 0x0000000688900000| Untracked 
| 124|0x0000000688a00000, 0x0000000688a00000, 0x0000000688b00000|  0%| F|  |TAMS 0x0000000688a00000, 0x0000000688a00000| Untracked 
| 125|0x0000000688b00000, 0x0000000688b00000, 0x0000000688c00000|  0%| F|  |TAMS 0x0000000688b00000, 0x0000000688b00000| Untracked 
| 126|0x0000000688c00000, 0x0000000688c00000, 0x0000000688d00000|  0%| F|  |TAMS 0x0000000688c00000, 0x0000000688c00000| Untracked 
| 127|0x0000000688d00000, 0x0000000688d00000, 0x0000000688e00000|  0%| F|  |TAMS 0x0000000688d00000, 0x0000000688d00000| Untracked 
| 128|0x0000000688e00000, 0x0000000688e00000, 0x0000000688f00000|  0%| F|  |TAMS 0x0000000688e00000, 0x0000000688e00000| Untracked 
| 129|0x0000000688f00000, 0x0000000688f00000, 0x0000000689000000|  0%| F|  |TAMS 0x0000000688f00000, 0x0000000688f00000| Untracked 
| 130|0x0000000689000000, 0x0000000689000000, 0x0000000689100000|  0%| F|  |TAMS 0x0000000689000000, 0x0000000689000000| Untracked 
| 131|0x0000000689100000, 0x0000000689100000, 0x0000000689200000|  0%| F|  |TAMS 0x0000000689100000, 0x0000000689100000| Untracked 
| 132|0x0000000689200000, 0x0000000689200000, 0x0000000689300000|  0%| F|  |TAMS 0x0000000689200000, 0x0000000689200000| Untracked 
| 133|0x0000000689300000, 0x0000000689300000, 0x0000000689400000|  0%| F|  |TAMS 0x0000000689300000, 0x0000000689300000| Untracked 
| 134|0x0000000689400000, 0x0000000689400000, 0x0000000689500000|  0%| F|  |TAMS 0x0000000689400000, 0x0000000689400000| Untracked 
| 135|0x0000000689500000, 0x0000000689500000, 0x0000000689600000|  0%| F|  |TAMS 0x0000000689500000, 0x0000000689500000| Untracked 
| 136|0x0000000689600000, 0x0000000689600000, 0x0000000689700000|  0%| F|  |TAMS 0x0000000689600000, 0x0000000689600000| Untracked 
| 137|0x0000000689700000, 0x0000000689700000, 0x0000000689800000|  0%| F|  |TAMS 0x0000000689700000, 0x0000000689700000| Untracked 
| 138|0x0000000689800000, 0x0000000689800000, 0x0000000689900000|  0%| F|  |TAMS 0x0000000689800000, 0x0000000689800000| Untracked 
| 139|0x0000000689900000, 0x0000000689900000, 0x0000000689a00000|  0%| F|  |TAMS 0x0000000689900000, 0x0000000689900000| Untracked 
| 140|0x0000000689a00000, 0x0000000689a00000, 0x0000000689b00000|  0%| F|  |TAMS 0x0000000689a00000, 0x0000000689a00000| Untracked 
| 141|0x0000000689b00000, 0x0000000689b00000, 0x0000000689c00000|  0%| F|  |TAMS 0x0000000689b00000, 0x0000000689b00000| Untracked 
| 142|0x0000000689c00000, 0x0000000689c00000, 0x0000000689d00000|  0%| F|  |TAMS 0x0000000689c00000, 0x0000000689c00000| Untracked 
| 143|0x0000000689d00000, 0x0000000689d00000, 0x0000000689e00000|  0%| F|  |TAMS 0x0000000689d00000, 0x0000000689d00000| Untracked 
| 144|0x0000000689e00000, 0x0000000689e00000, 0x0000000689f00000|  0%| F|  |TAMS 0x0000000689e00000, 0x0000000689e00000| Untracked 
| 145|0x0000000689f00000, 0x0000000689f00000, 0x000000068a000000|  0%| F|  |TAMS 0x0000000689f00000, 0x0000000689f00000| Untracked 
| 146|0x000000068a000000, 0x000000068a000000, 0x000000068a100000|  0%| F|  |TAMS 0x000000068a000000, 0x000000068a000000| Untracked 
| 147|0x000000068a100000, 0x000000068a100000, 0x000000068a200000|  0%| F|  |TAMS 0x000000068a100000, 0x000000068a100000| Untracked 
| 148|0x000000068a200000, 0x000000068a200000, 0x000000068a300000|  0%| F|  |TAMS 0x000000068a200000, 0x000000068a200000| Untracked 
| 149|0x000000068a300000, 0x000000068a300000, 0x000000068a400000|  0%| F|  |TAMS 0x000000068a300000, 0x000000068a300000| Untracked 
| 150|0x000000068a400000, 0x000000068a400000, 0x000000068a500000|  0%| F|  |TAMS 0x000000068a400000, 0x000000068a400000| Untracked 
| 151|0x000000068a500000, 0x000000068a500000, 0x000000068a600000|  0%| F|  |TAMS 0x000000068a500000, 0x000000068a500000| Untracked 
| 152|0x000000068a600000, 0x000000068a600000, 0x000000068a700000|  0%| F|  |TAMS 0x000000068a600000, 0x000000068a600000| Untracked 
| 153|0x000000068a700000, 0x000000068a700000, 0x000000068a800000|  0%| F|  |TAMS 0x000000068a700000, 0x000000068a700000| Untracked 
| 154|0x000000068a800000, 0x000000068a800000, 0x000000068a900000|  0%| F|  |TAMS 0x000000068a800000, 0x000000068a800000| Untracked 
| 155|0x000000068a900000, 0x000000068a900000, 0x000000068aa00000|  0%| F|  |TAMS 0x000000068a900000, 0x000000068a900000| Untracked 
| 156|0x000000068aa00000, 0x000000068aa00000, 0x000000068ab00000|  0%| F|  |TAMS 0x000000068aa00000, 0x000000068aa00000| Untracked 
| 157|0x000000068ab00000, 0x000000068ab00000, 0x000000068ac00000|  0%| F|  |TAMS 0x000000068ab00000, 0x000000068ab00000| Untracked 
| 158|0x000000068ac00000, 0x000000068ac00000, 0x000000068ad00000|  0%| F|  |TAMS 0x000000068ac00000, 0x000000068ac00000| Untracked 
| 159|0x000000068ad00000, 0x000000068ad00000, 0x000000068ae00000|  0%| F|  |TAMS 0x000000068ad00000, 0x000000068ad00000| Untracked 
| 160|0x000000068ae00000, 0x000000068ae00000, 0x000000068af00000|  0%| F|  |TAMS 0x000000068ae00000, 0x000000068ae00000| Untracked 
| 161|0x000000068af00000, 0x000000068af00000, 0x000000068b000000|  0%| F|  |TAMS 0x000000068af00000, 0x000000068af00000| Untracked 
| 162|0x000000068b000000, 0x000000068b000000, 0x000000068b100000|  0%| F|  |TAMS 0x000000068b000000, 0x000000068b000000| Untracked 
| 163|0x000000068b100000, 0x000000068b100000, 0x000000068b200000|  0%| F|  |TAMS 0x000000068b100000, 0x000000068b100000| Untracked 
| 164|0x000000068b200000, 0x000000068b200000, 0x000000068b300000|  0%| F|  |TAMS 0x000000068b200000, 0x000000068b200000| Untracked 
| 165|0x000000068b300000, 0x000000068b300000, 0x000000068b400000|  0%| F|  |TAMS 0x000000068b300000, 0x000000068b300000| Untracked 
| 166|0x000000068b400000, 0x000000068b400000, 0x000000068b500000|  0%| F|  |TAMS 0x000000068b400000, 0x000000068b400000| Untracked 
| 167|0x000000068b500000, 0x000000068b500000, 0x000000068b600000|  0%| F|  |TAMS 0x000000068b500000, 0x000000068b500000| Untracked 
| 168|0x000000068b600000, 0x000000068b600000, 0x000000068b700000|  0%| F|  |TAMS 0x000000068b600000, 0x000000068b600000| Untracked 
| 169|0x000000068b700000, 0x000000068b700000, 0x000000068b800000|  0%| F|  |TAMS 0x000000068b700000, 0x000000068b700000| Untracked 
| 170|0x000000068b800000, 0x000000068b800000, 0x000000068b900000|  0%| F|  |TAMS 0x000000068b800000, 0x000000068b800000| Untracked 
| 171|0x000000068b900000, 0x000000068b900000, 0x000000068ba00000|  0%| F|  |TAMS 0x000000068b900000, 0x000000068b900000| Untracked 
| 172|0x000000068ba00000, 0x000000068ba00000, 0x000000068bb00000|  0%| F|  |TAMS 0x000000068ba00000, 0x000000068ba00000| Untracked 
| 173|0x000000068bb00000, 0x000000068bb00000, 0x000000068bc00000|  0%| F|  |TAMS 0x000000068bb00000, 0x000000068bb00000| Untracked 
| 174|0x000000068bc00000, 0x000000068bc00000, 0x000000068bd00000|  0%| F|  |TAMS 0x000000068bc00000, 0x000000068bc00000| Untracked 
| 175|0x000000068bd00000, 0x000000068bd00000, 0x000000068be00000|  0%| F|  |TAMS 0x000000068bd00000, 0x000000068bd00000| Untracked 
| 176|0x000000068be00000, 0x000000068be00000, 0x000000068bf00000|  0%| F|  |TAMS 0x000000068be00000, 0x000000068be00000| Untracked 
| 177|0x000000068bf00000, 0x000000068bf00000, 0x000000068c000000|  0%| F|  |TAMS 0x000000068bf00000, 0x000000068bf00000| Untracked 
| 178|0x000000068c000000, 0x000000068c000000, 0x000000068c100000|  0%| F|  |TAMS 0x000000068c000000, 0x000000068c000000| Untracked 
| 179|0x000000068c100000, 0x000000068c100000, 0x000000068c200000|  0%| F|  |TAMS 0x000000068c100000, 0x000000068c100000| Untracked 
| 180|0x000000068c200000, 0x000000068c200000, 0x000000068c300000|  0%| F|  |TAMS 0x000000068c200000, 0x000000068c200000| Untracked 
| 181|0x000000068c300000, 0x000000068c300000, 0x000000068c400000|  0%| F|  |TAMS 0x000000068c300000, 0x000000068c300000| Untracked 
| 182|0x000000068c400000, 0x000000068c400000, 0x000000068c500000|  0%| F|  |TAMS 0x000000068c400000, 0x000000068c400000| Untracked 
| 183|0x000000068c500000, 0x000000068c500000, 0x000000068c600000|  0%| F|  |TAMS 0x000000068c500000, 0x000000068c500000| Untracked 
| 184|0x000000068c600000, 0x000000068c600000, 0x000000068c700000|  0%| F|  |TAMS 0x000000068c600000, 0x000000068c600000| Untracked 
| 185|0x000000068c700000, 0x000000068c700000, 0x000000068c800000|  0%| F|  |TAMS 0x000000068c700000, 0x000000068c700000| Untracked 
| 186|0x000000068c800000, 0x000000068c800000, 0x000000068c900000|  0%| F|  |TAMS 0x000000068c800000, 0x000000068c800000| Untracked 
| 187|0x000000068c900000, 0x000000068c900000, 0x000000068ca00000|  0%| F|  |TAMS 0x000000068c900000, 0x000000068c900000| Untracked 
| 188|0x000000068ca00000, 0x000000068ca00000, 0x000000068cb00000|  0%| F|  |TAMS 0x000000068ca00000, 0x000000068ca00000| Untracked 
| 189|0x000000068cb00000, 0x000000068cb00000, 0x000000068cc00000|  0%| F|  |TAMS 0x000000068cb00000, 0x000000068cb00000| Untracked 
| 190|0x000000068cc00000, 0x000000068cc00000, 0x000000068cd00000|  0%| F|  |TAMS 0x000000068cc00000, 0x000000068cc00000| Untracked 
| 191|0x000000068cd00000, 0x000000068cd00000, 0x000000068ce00000|  0%| F|  |TAMS 0x000000068cd00000, 0x000000068cd00000| Untracked 
| 192|0x000000068ce00000, 0x000000068ce00000, 0x000000068cf00000|  0%| F|  |TAMS 0x000000068ce00000, 0x000000068ce00000| Untracked 
| 193|0x000000068cf00000, 0x000000068cf00000, 0x000000068d000000|  0%| F|  |TAMS 0x000000068cf00000, 0x000000068cf00000| Untracked 
| 194|0x000000068d000000, 0x000000068d000000, 0x000000068d100000|  0%| F|  |TAMS 0x000000068d000000, 0x000000068d000000| Untracked 
| 195|0x000000068d100000, 0x000000068d100000, 0x000000068d200000|  0%| F|  |TAMS 0x000000068d100000, 0x000000068d100000| Untracked 
| 196|0x000000068d200000, 0x000000068d200000, 0x000000068d300000|  0%| F|  |TAMS 0x000000068d200000, 0x000000068d200000| Untracked 
| 197|0x000000068d300000, 0x000000068d300000, 0x000000068d400000|  0%| F|  |TAMS 0x000000068d300000, 0x000000068d300000| Untracked 
| 198|0x000000068d400000, 0x000000068d400000, 0x000000068d500000|  0%| F|  |TAMS 0x000000068d400000, 0x000000068d400000| Untracked 
| 199|0x000000068d500000, 0x000000068d500000, 0x000000068d600000|  0%| F|  |TAMS 0x000000068d500000, 0x000000068d500000| Untracked 
| 200|0x000000068d600000, 0x000000068d600000, 0x000000068d700000|  0%| F|  |TAMS 0x000000068d600000, 0x000000068d600000| Untracked 
| 201|0x000000068d700000, 0x000000068d700000, 0x000000068d800000|  0%| F|  |TAMS 0x000000068d700000, 0x000000068d700000| Untracked 
| 202|0x000000068d800000, 0x000000068d800000, 0x000000068d900000|  0%| F|  |TAMS 0x000000068d800000, 0x000000068d800000| Untracked 
| 203|0x000000068d900000, 0x000000068d900000, 0x000000068da00000|  0%| F|  |TAMS 0x000000068d900000, 0x000000068d900000| Untracked 
| 204|0x000000068da00000, 0x000000068da00000, 0x000000068db00000|  0%| F|  |TAMS 0x000000068da00000, 0x000000068da00000| Untracked 
| 205|0x000000068db00000, 0x000000068db00000, 0x000000068dc00000|  0%| F|  |TAMS 0x000000068db00000, 0x000000068db00000| Untracked 
| 206|0x000000068dc00000, 0x000000068dc00000, 0x000000068dd00000|  0%| F|  |TAMS 0x000000068dc00000, 0x000000068dc00000| Untracked 
| 207|0x000000068dd00000, 0x000000068dd00000, 0x000000068de00000|  0%| F|  |TAMS 0x000000068dd00000, 0x000000068dd00000| Untracked 
| 208|0x000000068de00000, 0x000000068de00000, 0x000000068df00000|  0%| F|  |TAMS 0x000000068de00000, 0x000000068de00000| Untracked 
| 209|0x000000068df00000, 0x000000068df00000, 0x000000068e000000|  0%| F|  |TAMS 0x000000068df00000, 0x000000068df00000| Untracked 
| 210|0x000000068e000000, 0x000000068e000000, 0x000000068e100000|  0%| F|  |TAMS 0x000000068e000000, 0x000000068e000000| Untracked 
| 211|0x000000068e100000, 0x000000068e100000, 0x000000068e200000|  0%| F|  |TAMS 0x000000068e100000, 0x000000068e100000| Untracked 
| 212|0x000000068e200000, 0x000000068e200000, 0x000000068e300000|  0%| F|  |TAMS 0x000000068e200000, 0x000000068e200000| Untracked 
| 213|0x000000068e300000, 0x000000068e300000, 0x000000068e400000|  0%| F|  |TAMS 0x000000068e300000, 0x000000068e300000| Untracked 
| 214|0x000000068e400000, 0x000000068e400000, 0x000000068e500000|  0%| F|  |TAMS 0x000000068e400000, 0x000000068e400000| Untracked 
| 215|0x000000068e500000, 0x000000068e500000, 0x000000068e600000|  0%| F|  |TAMS 0x000000068e500000, 0x000000068e500000| Untracked 
| 216|0x000000068e600000, 0x000000068e600000, 0x000000068e700000|  0%| F|  |TAMS 0x000000068e600000, 0x000000068e600000| Untracked 
| 217|0x000000068e700000, 0x000000068e700000, 0x000000068e800000|  0%| F|  |TAMS 0x000000068e700000, 0x000000068e700000| Untracked 
| 218|0x000000068e800000, 0x000000068e800000, 0x000000068e900000|  0%| F|  |TAMS 0x000000068e800000, 0x000000068e800000| Untracked 
| 219|0x000000068e900000, 0x000000068e900000, 0x000000068ea00000|  0%| F|  |TAMS 0x000000068e900000, 0x000000068e900000| Untracked 
| 220|0x000000068ea00000, 0x000000068ea00000, 0x000000068eb00000|  0%| F|  |TAMS 0x000000068ea00000, 0x000000068ea00000| Untracked 
| 221|0x000000068eb00000, 0x000000068eb00000, 0x000000068ec00000|  0%| F|  |TAMS 0x000000068eb00000, 0x000000068eb00000| Untracked 
| 222|0x000000068ec00000, 0x000000068ec00000, 0x000000068ed00000|  0%| F|  |TAMS 0x000000068ec00000, 0x000000068ec00000| Untracked 
| 223|0x000000068ed00000, 0x000000068ed00000, 0x000000068ee00000|  0%| F|  |TAMS 0x000000068ed00000, 0x000000068ed00000| Untracked 
| 224|0x000000068ee00000, 0x000000068ee00000, 0x000000068ef00000|  0%| F|  |TAMS 0x000000068ee00000, 0x000000068ee00000| Untracked 
| 225|0x000000068ef00000, 0x000000068ef00000, 0x000000068f000000|  0%| F|  |TAMS 0x000000068ef00000, 0x000000068ef00000| Untracked 
| 226|0x000000068f000000, 0x000000068f000000, 0x000000068f100000|  0%| F|  |TAMS 0x000000068f000000, 0x000000068f000000| Untracked 
| 227|0x000000068f100000, 0x000000068f100000, 0x000000068f200000|  0%| F|  |TAMS 0x000000068f100000, 0x000000068f100000| Untracked 
| 228|0x000000068f200000, 0x000000068f200000, 0x000000068f300000|  0%| F|  |TAMS 0x000000068f200000, 0x000000068f200000| Untracked 
| 229|0x000000068f300000, 0x000000068f300000, 0x000000068f400000|  0%| F|  |TAMS 0x000000068f300000, 0x000000068f300000| Untracked 
| 230|0x000000068f400000, 0x000000068f400000, 0x000000068f500000|  0%| F|  |TAMS 0x000000068f400000, 0x000000068f400000| Untracked 
| 231|0x000000068f500000, 0x000000068f500000, 0x000000068f600000|  0%| F|  |TAMS 0x000000068f500000, 0x000000068f500000| Untracked 
| 232|0x000000068f600000, 0x000000068f600000, 0x000000068f700000|  0%| F|  |TAMS 0x000000068f600000, 0x000000068f600000| Untracked 
| 233|0x000000068f700000, 0x000000068f700000, 0x000000068f800000|  0%| F|  |TAMS 0x000000068f700000, 0x000000068f700000| Untracked 
| 234|0x000000068f800000, 0x000000068f800000, 0x000000068f900000|  0%| F|  |TAMS 0x000000068f800000, 0x000000068f800000| Untracked 
| 235|0x000000068f900000, 0x000000068f900000, 0x000000068fa00000|  0%| F|  |TAMS 0x000000068f900000, 0x000000068f900000| Untracked 
| 236|0x000000068fa00000, 0x000000068fa00000, 0x000000068fb00000|  0%| F|  |TAMS 0x000000068fa00000, 0x000000068fa00000| Untracked 
| 237|0x000000068fb00000, 0x000000068fb00000, 0x000000068fc00000|  0%| F|  |TAMS 0x000000068fb00000, 0x000000068fb00000| Untracked 
| 238|0x000000068fc00000, 0x000000068fc00000, 0x000000068fd00000|  0%| F|  |TAMS 0x000000068fc00000, 0x000000068fc00000| Untracked 
| 239|0x000000068fd00000, 0x000000068fd00000, 0x000000068fe00000|  0%| F|  |TAMS 0x000000068fd00000, 0x000000068fd00000| Untracked 
| 240|0x000000068fe00000, 0x000000068fe00000, 0x000000068ff00000|  0%| F|  |TAMS 0x000000068fe00000, 0x000000068fe00000| Untracked 
| 241|0x000000068ff00000, 0x000000068ff00000, 0x0000000690000000|  0%| F|  |TAMS 0x000000068ff00000, 0x000000068ff00000| Untracked 
| 242|0x0000000690000000, 0x0000000690000000, 0x0000000690100000|  0%| F|  |TAMS 0x0000000690000000, 0x0000000690000000| Untracked 
| 243|0x0000000690100000, 0x0000000690100000, 0x0000000690200000|  0%| F|  |TAMS 0x0000000690100000, 0x0000000690100000| Untracked 
| 244|0x0000000690200000, 0x0000000690200000, 0x0000000690300000|  0%| F|  |TAMS 0x0000000690200000, 0x0000000690200000| Untracked 
| 245|0x0000000690300000, 0x0000000690300000, 0x0000000690400000|  0%| F|  |TAMS 0x0000000690300000, 0x0000000690300000| Untracked 
| 246|0x0000000690400000, 0x0000000690400000, 0x0000000690500000|  0%| F|  |TAMS 0x0000000690400000, 0x0000000690400000| Untracked 
| 247|0x0000000690500000, 0x0000000690500000, 0x0000000690600000|  0%| F|  |TAMS 0x0000000690500000, 0x0000000690500000| Untracked 
| 248|0x0000000690600000, 0x0000000690600000, 0x0000000690700000|  0%| F|  |TAMS 0x0000000690600000, 0x0000000690600000| Untracked 
| 249|0x0000000690700000, 0x0000000690700000, 0x0000000690800000|  0%| F|  |TAMS 0x0000000690700000, 0x0000000690700000| Untracked 
| 250|0x0000000690800000, 0x0000000690800000, 0x0000000690900000|  0%| F|  |TAMS 0x0000000690800000, 0x0000000690800000| Untracked 
| 251|0x0000000690900000, 0x0000000690900000, 0x0000000690a00000|  0%| F|  |TAMS 0x0000000690900000, 0x0000000690900000| Untracked 
| 252|0x0000000690a00000, 0x0000000690a00000, 0x0000000690b00000|  0%| F|  |TAMS 0x0000000690a00000, 0x0000000690a00000| Untracked 
| 253|0x0000000690b00000, 0x0000000690b00000, 0x0000000690c00000|  0%| F|  |TAMS 0x0000000690b00000, 0x0000000690b00000| Untracked 
| 254|0x0000000690c00000, 0x0000000690c00000, 0x0000000690d00000|  0%| F|  |TAMS 0x0000000690c00000, 0x0000000690c00000| Untracked 
| 255|0x0000000690d00000, 0x0000000690d00000, 0x0000000690e00000|  0%| F|  |TAMS 0x0000000690d00000, 0x0000000690d00000| Untracked 
| 256|0x0000000690e00000, 0x0000000690e00000, 0x0000000690f00000|  0%| F|  |TAMS 0x0000000690e00000, 0x0000000690e00000| Untracked 
| 257|0x0000000690f00000, 0x0000000690f00000, 0x0000000691000000|  0%| F|  |TAMS 0x0000000690f00000, 0x0000000690f00000| Untracked 
| 258|0x0000000691000000, 0x0000000691000000, 0x0000000691100000|  0%| F|  |TAMS 0x0000000691000000, 0x0000000691000000| Untracked 
| 259|0x0000000691100000, 0x0000000691100000, 0x0000000691200000|  0%| F|  |TAMS 0x0000000691100000, 0x0000000691100000| Untracked 
| 260|0x0000000691200000, 0x0000000691200000, 0x0000000691300000|  0%| F|  |TAMS 0x0000000691200000, 0x0000000691200000| Untracked 
| 261|0x0000000691300000, 0x0000000691300000, 0x0000000691400000|  0%| F|  |TAMS 0x0000000691300000, 0x0000000691300000| Untracked 
| 262|0x0000000691400000, 0x0000000691400000, 0x0000000691500000|  0%| F|  |TAMS 0x0000000691400000, 0x0000000691400000| Untracked 
| 263|0x0000000691500000, 0x0000000691500000, 0x0000000691600000|  0%| F|  |TAMS 0x0000000691500000, 0x0000000691500000| Untracked 
| 264|0x0000000691600000, 0x0000000691600000, 0x0000000691700000|  0%| F|  |TAMS 0x0000000691600000, 0x0000000691600000| Untracked 
| 265|0x0000000691700000, 0x0000000691700000, 0x0000000691800000|  0%| F|  |TAMS 0x0000000691700000, 0x0000000691700000| Untracked 
| 266|0x0000000691800000, 0x0000000691800000, 0x0000000691900000|  0%| F|  |TAMS 0x0000000691800000, 0x0000000691800000| Untracked 
| 267|0x0000000691900000, 0x0000000691900000, 0x0000000691a00000|  0%| F|  |TAMS 0x0000000691900000, 0x0000000691900000| Untracked 
| 268|0x0000000691a00000, 0x0000000691a00000, 0x0000000691b00000|  0%| F|  |TAMS 0x0000000691a00000, 0x0000000691a00000| Untracked 
| 269|0x0000000691b00000, 0x0000000691b00000, 0x0000000691c00000|  0%| F|  |TAMS 0x0000000691b00000, 0x0000000691b00000| Untracked 
| 270|0x0000000691c00000, 0x0000000691c00000, 0x0000000691d00000|  0%| F|  |TAMS 0x0000000691c00000, 0x0000000691c00000| Untracked 
| 271|0x0000000691d00000, 0x0000000691d00000, 0x0000000691e00000|  0%| F|  |TAMS 0x0000000691d00000, 0x0000000691d00000| Untracked 
| 272|0x0000000691e00000, 0x0000000691e00000, 0x0000000691f00000|  0%| F|  |TAMS 0x0000000691e00000, 0x0000000691e00000| Untracked 
| 273|0x0000000691f00000, 0x0000000691f00000, 0x0000000692000000|  0%| F|  |TAMS 0x0000000691f00000, 0x0000000691f00000| Untracked 
| 274|0x0000000692000000, 0x0000000692000000, 0x0000000692100000|  0%| F|  |TAMS 0x0000000692000000, 0x0000000692000000| Untracked 
| 275|0x0000000692100000, 0x0000000692100000, 0x0000000692200000|  0%| F|  |TAMS 0x0000000692100000, 0x0000000692100000| Untracked 
| 276|0x0000000692200000, 0x0000000692200000, 0x0000000692300000|  0%| F|  |TAMS 0x0000000692200000, 0x0000000692200000| Untracked 
| 277|0x0000000692300000, 0x0000000692300000, 0x0000000692400000|  0%| F|  |TAMS 0x0000000692300000, 0x0000000692300000| Untracked 
| 278|0x0000000692400000, 0x0000000692400000, 0x0000000692500000|  0%| F|  |TAMS 0x0000000692400000, 0x0000000692400000| Untracked 
| 279|0x0000000692500000, 0x0000000692500000, 0x0000000692600000|  0%| F|  |TAMS 0x0000000692500000, 0x0000000692500000| Untracked 
| 280|0x0000000692600000, 0x0000000692600000, 0x0000000692700000|  0%| F|  |TAMS 0x0000000692600000, 0x0000000692600000| Untracked 
| 281|0x0000000692700000, 0x0000000692700000, 0x0000000692800000|  0%| F|  |TAMS 0x0000000692700000, 0x0000000692700000| Untracked 
| 282|0x0000000692800000, 0x0000000692800000, 0x0000000692900000|  0%| F|  |TAMS 0x0000000692800000, 0x0000000692800000| Untracked 
| 283|0x0000000692900000, 0x0000000692900000, 0x0000000692a00000|  0%| F|  |TAMS 0x0000000692900000, 0x0000000692900000| Untracked 
| 284|0x0000000692a00000, 0x0000000692a00000, 0x0000000692b00000|  0%| F|  |TAMS 0x0000000692a00000, 0x0000000692a00000| Untracked 
| 285|0x0000000692b00000, 0x0000000692b00000, 0x0000000692c00000|  0%| F|  |TAMS 0x0000000692b00000, 0x0000000692b00000| Untracked 
| 286|0x0000000692c00000, 0x0000000692c00000, 0x0000000692d00000|  0%| F|  |TAMS 0x0000000692c00000, 0x0000000692c00000| Untracked 
| 287|0x0000000692d00000, 0x0000000692d00000, 0x0000000692e00000|  0%| F|  |TAMS 0x0000000692d00000, 0x0000000692d00000| Untracked 
| 288|0x0000000692e00000, 0x0000000692e00000, 0x0000000692f00000|  0%| F|  |TAMS 0x0000000692e00000, 0x0000000692e00000| Untracked 
| 289|0x0000000692f00000, 0x0000000692f00000, 0x0000000693000000|  0%| F|  |TAMS 0x0000000692f00000, 0x0000000692f00000| Untracked 
| 290|0x0000000693000000, 0x0000000693000000, 0x0000000693100000|  0%| F|  |TAMS 0x0000000693000000, 0x0000000693000000| Untracked 
| 291|0x0000000693100000, 0x0000000693100000, 0x0000000693200000|  0%| F|  |TAMS 0x0000000693100000, 0x0000000693100000| Untracked 
| 292|0x0000000693200000, 0x0000000693200000, 0x0000000693300000|  0%| F|  |TAMS 0x0000000693200000, 0x0000000693200000| Untracked 
| 293|0x0000000693300000, 0x0000000693300000, 0x0000000693400000|  0%| F|  |TAMS 0x0000000693300000, 0x0000000693300000| Untracked 
| 294|0x0000000693400000, 0x0000000693400000, 0x0000000693500000|  0%| F|  |TAMS 0x0000000693400000, 0x0000000693400000| Untracked 
| 295|0x0000000693500000, 0x0000000693500000, 0x0000000693600000|  0%| F|  |TAMS 0x0000000693500000, 0x0000000693500000| Untracked 
| 296|0x0000000693600000, 0x0000000693600000, 0x0000000693700000|  0%| F|  |TAMS 0x0000000693600000, 0x0000000693600000| Untracked 
| 297|0x0000000693700000, 0x0000000693700000, 0x0000000693800000|  0%| F|  |TAMS 0x0000000693700000, 0x0000000693700000| Untracked 
| 298|0x0000000693800000, 0x0000000693800000, 0x0000000693900000|  0%| F|  |TAMS 0x0000000693800000, 0x0000000693800000| Untracked 
| 299|0x0000000693900000, 0x0000000693900000, 0x0000000693a00000|  0%| F|  |TAMS 0x0000000693900000, 0x0000000693900000| Untracked 
| 300|0x0000000693a00000, 0x0000000693a00000, 0x0000000693b00000|  0%| F|  |TAMS 0x0000000693a00000, 0x0000000693a00000| Untracked 
| 301|0x0000000693b00000, 0x0000000693b00000, 0x0000000693c00000|  0%| F|  |TAMS 0x0000000693b00000, 0x0000000693b00000| Untracked 
| 302|0x0000000693c00000, 0x0000000693c00000, 0x0000000693d00000|  0%| F|  |TAMS 0x0000000693c00000, 0x0000000693c00000| Untracked 
| 303|0x0000000693d00000, 0x0000000693d00000, 0x0000000693e00000|  0%| F|  |TAMS 0x0000000693d00000, 0x0000000693d00000| Untracked 
| 304|0x0000000693e00000, 0x0000000693e00000, 0x0000000693f00000|  0%| F|  |TAMS 0x0000000693e00000, 0x0000000693e00000| Untracked 
| 305|0x0000000693f00000, 0x0000000693f00000, 0x0000000694000000|  0%| F|  |TAMS 0x0000000693f00000, 0x0000000693f00000| Untracked 
| 306|0x0000000694000000, 0x0000000694000000, 0x0000000694100000|  0%| F|  |TAMS 0x0000000694000000, 0x0000000694000000| Untracked 
| 307|0x0000000694100000, 0x0000000694100000, 0x0000000694200000|  0%| F|  |TAMS 0x0000000694100000, 0x0000000694100000| Untracked 
| 308|0x0000000694200000, 0x0000000694200000, 0x0000000694300000|  0%| F|  |TAMS 0x0000000694200000, 0x0000000694200000| Untracked 
| 309|0x0000000694300000, 0x0000000694300000, 0x0000000694400000|  0%| F|  |TAMS 0x0000000694300000, 0x0000000694300000| Untracked 
| 310|0x0000000694400000, 0x0000000694400000, 0x0000000694500000|  0%| F|  |TAMS 0x0000000694400000, 0x0000000694400000| Untracked 
| 311|0x0000000694500000, 0x0000000694500000, 0x0000000694600000|  0%| F|  |TAMS 0x0000000694500000, 0x0000000694500000| Untracked 
| 312|0x0000000694600000, 0x0000000694600000, 0x0000000694700000|  0%| F|  |TAMS 0x0000000694600000, 0x0000000694600000| Untracked 
| 313|0x0000000694700000, 0x0000000694700000, 0x0000000694800000|  0%| F|  |TAMS 0x0000000694700000, 0x0000000694700000| Untracked 
| 314|0x0000000694800000, 0x0000000694800000, 0x0000000694900000|  0%| F|  |TAMS 0x0000000694800000, 0x0000000694800000| Untracked 
| 315|0x0000000694900000, 0x0000000694900000, 0x0000000694a00000|  0%| F|  |TAMS 0x0000000694900000, 0x0000000694900000| Untracked 
| 316|0x0000000694a00000, 0x0000000694a00000, 0x0000000694b00000|  0%| F|  |TAMS 0x0000000694a00000, 0x0000000694a00000| Untracked 
| 317|0x0000000694b00000, 0x0000000694b00000, 0x0000000694c00000|  0%| F|  |TAMS 0x0000000694b00000, 0x0000000694b00000| Untracked 
| 318|0x0000000694c00000, 0x0000000694c00000, 0x0000000694d00000|  0%| F|  |TAMS 0x0000000694c00000, 0x0000000694c00000| Untracked 
| 319|0x0000000694d00000, 0x0000000694d00000, 0x0000000694e00000|  0%| F|  |TAMS 0x0000000694d00000, 0x0000000694d00000| Untracked 
| 320|0x0000000694e00000, 0x0000000694e00000, 0x0000000694f00000|  0%| F|  |TAMS 0x0000000694e00000, 0x0000000694e00000| Untracked 
| 321|0x0000000694f00000, 0x0000000694f00000, 0x0000000695000000|  0%| F|  |TAMS 0x0000000694f00000, 0x0000000694f00000| Untracked 
| 322|0x0000000695000000, 0x0000000695000000, 0x0000000695100000|  0%| F|  |TAMS 0x0000000695000000, 0x0000000695000000| Untracked 
| 323|0x0000000695100000, 0x0000000695100000, 0x0000000695200000|  0%| F|  |TAMS 0x0000000695100000, 0x0000000695100000| Untracked 
| 324|0x0000000695200000, 0x0000000695200000, 0x0000000695300000|  0%| F|  |TAMS 0x0000000695200000, 0x0000000695200000| Untracked 
| 325|0x0000000695300000, 0x0000000695300000, 0x0000000695400000|  0%| F|  |TAMS 0x0000000695300000, 0x0000000695300000| Untracked 
| 326|0x0000000695400000, 0x0000000695400000, 0x0000000695500000|  0%| F|  |TAMS 0x0000000695400000, 0x0000000695400000| Untracked 
| 327|0x0000000695500000, 0x0000000695500000, 0x0000000695600000|  0%| F|  |TAMS 0x0000000695500000, 0x0000000695500000| Untracked 
| 328|0x0000000695600000, 0x0000000695600000, 0x0000000695700000|  0%| F|  |TAMS 0x0000000695600000, 0x0000000695600000| Untracked 
| 329|0x0000000695700000, 0x0000000695700000, 0x0000000695800000|  0%| F|  |TAMS 0x0000000695700000, 0x0000000695700000| Untracked 
| 330|0x0000000695800000, 0x0000000695800000, 0x0000000695900000|  0%| F|  |TAMS 0x0000000695800000, 0x0000000695800000| Untracked 
| 331|0x0000000695900000, 0x0000000695900000, 0x0000000695a00000|  0%| F|  |TAMS 0x0000000695900000, 0x0000000695900000| Untracked 
| 332|0x0000000695a00000, 0x0000000695a00000, 0x0000000695b00000|  0%| F|  |TAMS 0x0000000695a00000, 0x0000000695a00000| Untracked 
| 333|0x0000000695b00000, 0x0000000695b00000, 0x0000000695c00000|  0%| F|  |TAMS 0x0000000695b00000, 0x0000000695b00000| Untracked 
| 334|0x0000000695c00000, 0x0000000695c00000, 0x0000000695d00000|  0%| F|  |TAMS 0x0000000695c00000, 0x0000000695c00000| Untracked 
| 335|0x0000000695d00000, 0x0000000695d00000, 0x0000000695e00000|  0%| F|  |TAMS 0x0000000695d00000, 0x0000000695d00000| Untracked 
| 336|0x0000000695e00000, 0x0000000695e00000, 0x0000000695f00000|  0%| F|  |TAMS 0x0000000695e00000, 0x0000000695e00000| Untracked 
| 337|0x0000000695f00000, 0x0000000695f00000, 0x0000000696000000|  0%| F|  |TAMS 0x0000000695f00000, 0x0000000695f00000| Untracked 
| 338|0x0000000696000000, 0x0000000696000000, 0x0000000696100000|  0%| F|  |TAMS 0x0000000696000000, 0x0000000696000000| Untracked 
| 339|0x0000000696100000, 0x0000000696100000, 0x0000000696200000|  0%| F|  |TAMS 0x0000000696100000, 0x0000000696100000| Untracked 
| 340|0x0000000696200000, 0x0000000696200000, 0x0000000696300000|  0%| F|  |TAMS 0x0000000696200000, 0x0000000696200000| Untracked 
| 341|0x0000000696300000, 0x0000000696300000, 0x0000000696400000|  0%| F|  |TAMS 0x0000000696300000, 0x0000000696300000| Untracked 
| 342|0x0000000696400000, 0x0000000696400000, 0x0000000696500000|  0%| F|  |TAMS 0x0000000696400000, 0x0000000696400000| Untracked 
| 343|0x0000000696500000, 0x0000000696500000, 0x0000000696600000|  0%| F|  |TAMS 0x0000000696500000, 0x0000000696500000| Untracked 
| 344|0x0000000696600000, 0x0000000696600000, 0x0000000696700000|  0%| F|  |TAMS 0x0000000696600000, 0x0000000696600000| Untracked 
| 345|0x0000000696700000, 0x0000000696700000, 0x0000000696800000|  0%| F|  |TAMS 0x0000000696700000, 0x0000000696700000| Untracked 
| 346|0x0000000696800000, 0x0000000696800000, 0x0000000696900000|  0%| F|  |TAMS 0x0000000696800000, 0x0000000696800000| Untracked 
| 347|0x0000000696900000, 0x0000000696900000, 0x0000000696a00000|  0%| F|  |TAMS 0x0000000696900000, 0x0000000696900000| Untracked 
| 348|0x0000000696a00000, 0x0000000696a00000, 0x0000000696b00000|  0%| F|  |TAMS 0x0000000696a00000, 0x0000000696a00000| Untracked 
| 349|0x0000000696b00000, 0x0000000696b00000, 0x0000000696c00000|  0%| F|  |TAMS 0x0000000696b00000, 0x0000000696b00000| Untracked 
| 350|0x0000000696c00000, 0x0000000696c00000, 0x0000000696d00000|  0%| F|  |TAMS 0x0000000696c00000, 0x0000000696c00000| Untracked 
| 351|0x0000000696d00000, 0x0000000696d00000, 0x0000000696e00000|  0%| F|  |TAMS 0x0000000696d00000, 0x0000000696d00000| Untracked 
| 352|0x0000000696e00000, 0x0000000696e00000, 0x0000000696f00000|  0%| F|  |TAMS 0x0000000696e00000, 0x0000000696e00000| Untracked 
| 353|0x0000000696f00000, 0x0000000696f00000, 0x0000000697000000|  0%| F|  |TAMS 0x0000000696f00000, 0x0000000696f00000| Untracked 
| 354|0x0000000697000000, 0x0000000697000000, 0x0000000697100000|  0%| F|  |TAMS 0x0000000697000000, 0x0000000697000000| Untracked 
| 355|0x0000000697100000, 0x0000000697100000, 0x0000000697200000|  0%| F|  |TAMS 0x0000000697100000, 0x0000000697100000| Untracked 
| 356|0x0000000697200000, 0x0000000697200000, 0x0000000697300000|  0%| F|  |TAMS 0x0000000697200000, 0x0000000697200000| Untracked 
| 357|0x0000000697300000, 0x0000000697300000, 0x0000000697400000|  0%| F|  |TAMS 0x0000000697300000, 0x0000000697300000| Untracked 
| 358|0x0000000697400000, 0x0000000697400000, 0x0000000697500000|  0%| F|  |TAMS 0x0000000697400000, 0x0000000697400000| Untracked 
| 359|0x0000000697500000, 0x0000000697500000, 0x0000000697600000|  0%| F|  |TAMS 0x0000000697500000, 0x0000000697500000| Untracked 
| 360|0x0000000697600000, 0x0000000697600000, 0x0000000697700000|  0%| F|  |TAMS 0x0000000697600000, 0x0000000697600000| Untracked 
| 361|0x0000000697700000, 0x0000000697700000, 0x0000000697800000|  0%| F|  |TAMS 0x0000000697700000, 0x0000000697700000| Untracked 
| 362|0x0000000697800000, 0x0000000697800000, 0x0000000697900000|  0%| F|  |TAMS 0x0000000697800000, 0x0000000697800000| Untracked 
| 363|0x0000000697900000, 0x0000000697900000, 0x0000000697a00000|  0%| F|  |TAMS 0x0000000697900000, 0x0000000697900000| Untracked 
| 364|0x0000000697a00000, 0x0000000697a71248, 0x0000000697b00000| 44%| E|  |TAMS 0x0000000697a00000, 0x0000000697a00000| Complete 
| 365|0x0000000697b00000, 0x0000000697c00000, 0x0000000697c00000|100%| E|CS|TAMS 0x0000000697b00000, 0x0000000697b00000| Complete 
| 366|0x0000000697c00000, 0x0000000697d00000, 0x0000000697d00000|100%| E|CS|TAMS 0x0000000697c00000, 0x0000000697c00000| Complete 
| 367|0x0000000697d00000, 0x0000000697e00000, 0x0000000697e00000|100%| E|CS|TAMS 0x0000000697d00000, 0x0000000697d00000| Complete 
| 368|0x0000000697e00000, 0x0000000697f00000, 0x0000000697f00000|100%| E|CS|TAMS 0x0000000697e00000, 0x0000000697e00000| Complete 
| 369|0x0000000697f00000, 0x0000000698000000, 0x0000000698000000|100%| E|CS|TAMS 0x0000000697f00000, 0x0000000697f00000| Complete 
| 370|0x0000000698000000, 0x0000000698100000, 0x0000000698100000|100%| E|CS|TAMS 0x0000000698000000, 0x0000000698000000| Complete 
| 371|0x0000000698100000, 0x0000000698200000, 0x0000000698200000|100%| E|CS|TAMS 0x0000000698100000, 0x0000000698100000| Complete 
| 372|0x0000000698200000, 0x0000000698300000, 0x0000000698300000|100%| E|CS|TAMS 0x0000000698200000, 0x0000000698200000| Complete 
| 373|0x0000000698300000, 0x0000000698400000, 0x0000000698400000|100%| E|CS|TAMS 0x0000000698300000, 0x0000000698300000| Complete 
| 374|0x0000000698400000, 0x0000000698500000, 0x0000000698500000|100%| E|CS|TAMS 0x0000000698400000, 0x0000000698400000| Complete 
| 375|0x0000000698500000, 0x0000000698600000, 0x0000000698600000|100%| E|CS|TAMS 0x0000000698500000, 0x0000000698500000| Complete 
| 376|0x0000000698600000, 0x0000000698700000, 0x0000000698700000|100%| E|CS|TAMS 0x0000000698600000, 0x0000000698600000| Complete 
| 377|0x0000000698700000, 0x0000000698800000, 0x0000000698800000|100%| E|CS|TAMS 0x0000000698700000, 0x0000000698700000| Complete 
| 378|0x0000000698800000, 0x0000000698900000, 0x0000000698900000|100%| E|CS|TAMS 0x0000000698800000, 0x0000000698800000| Complete 
| 379|0x0000000698900000, 0x0000000698a00000, 0x0000000698a00000|100%| E|CS|TAMS 0x0000000698900000, 0x0000000698900000| Complete 
| 380|0x0000000698a00000, 0x0000000698b00000, 0x0000000698b00000|100%| E|CS|TAMS 0x0000000698a00000, 0x0000000698a00000| Complete 
| 381|0x0000000698b00000, 0x0000000698c00000, 0x0000000698c00000|100%| E|CS|TAMS 0x0000000698b00000, 0x0000000698b00000| Complete 
| 382|0x0000000698c00000, 0x0000000698d00000, 0x0000000698d00000|100%| E|CS|TAMS 0x0000000698c00000, 0x0000000698c00000| Complete 
| 383|0x0000000698d00000, 0x0000000698e00000, 0x0000000698e00000|100%| E|CS|TAMS 0x0000000698d00000, 0x0000000698d00000| Complete 

Card table byte_map: [0x0000028b2f1b0000,0x0000028b2fdb0000] _byte_map_base: 0x0000028b2bda9000

Marking Bits (Prev, Next): (CMBitMap*) 0x0000028b166cc2c8, (CMBitMap*) 0x0000028b166cc300
 Prev Bits: [0x0000028b309b0000, 0x0000028b36978000)
 Next Bits: [0x0000028b36980000, 0x0000028b3c948000)

Polling page: 0x0000028b14d80000

Metaspace:

Usage:
  Non-class:     18.19 MB capacity,    17.95 MB ( 99%) used,   190.21 KB (  1%) free+waste,    59.88 KB ( <1%) overhead. 
      Class:      2.49 MB capacity,     2.26 MB ( 91%) used,   203.66 KB (  8%) free+waste,    32.19 KB (  1%) overhead. 
       Both:     20.68 MB capacity,    20.21 MB ( 98%) used,   393.88 KB (  2%) free+waste,    92.06 KB ( <1%) overhead. 

Virtual space:
  Non-class space:       20.00 MB reserved,      18.25 MB ( 91%) committed 
      Class space:        1.00 GB reserved,       2.50 MB ( <1%) committed 
             Both:        1.02 GB reserved,      20.75 MB (  2%) committed 

Chunk freelists:
   Non-Class:  57.00 KB
       Class:  11.00 KB
        Both:  68.00 KB

CodeHeap 'non-profiled nmethods': size=120064Kb used=506Kb max_used=506Kb free=119557Kb
 bounds [0x0000028b26820000, 0x0000028b26a90000, 0x0000028b2dd60000]
CodeHeap 'profiled nmethods': size=120000Kb used=2399Kb max_used=2399Kb free=117600Kb
 bounds [0x0000028b1f2f0000, 0x0000028b1f560000, 0x0000028b26820000]
CodeHeap 'non-nmethods': size=5696Kb used=1256Kb max_used=1286Kb free=4439Kb
 bounds [0x0000028b1ed60000, 0x0000028b1efd0000, 0x0000028b1f2f0000]
 total_blobs=2290 nmethods=1392 adapters=550
 compilation: enabled
              stopped_count=0, restarted_count=0
 full_count=0

Compilation events (10 events):
Event: 1.979 Thread 0x0000028b3fce1000 1388       3       java.awt.Component::isVisible (5 bytes)
Event: 1.979 Thread 0x0000028b3fce1000 nmethod 1388 0x0000028b1f546c10 code [0x0000028b1f546dc0, 0x0000028b1f546f38]
Event: 1.979 Thread 0x0000028b3fce1000 1389       3       java.util.LinkedList$ListItr::hasNext (20 bytes)
Event: 1.979 Thread 0x0000028b3fcd4800 1390       4       java.lang.invoke.VarHandleGuards::guard_LII_Z (70 bytes)
Event: 1.979 Thread 0x0000028b3fce1000 nmethod 1389 0x0000028b1f547010 code [0x0000028b1f5471c0, 0x0000028b1f547398]
Event: 1.981 Thread 0x0000028b3fcd4800 nmethod 1390 0x0000028b2689e610 code [0x0000028b2689e7c0, 0x0000028b2689e968]
Event: 2.057 Thread 0x0000028b3fce1000 1391       3       java.io.Bits::getInt (43 bytes)
Event: 2.057 Thread 0x0000028b3fce1000 nmethod 1391 0x0000028b1f547490 code [0x0000028b1f547640, 0x0000028b1f547838]
Event: 2.057 Thread 0x0000028b3fce1000 1392       3       java.io.ObjectInputStream::readInt (8 bytes)
Event: 2.057 Thread 0x0000028b3fce1000 nmethod 1392 0x0000028b1f547990 code [0x0000028b1f547b60, 0x0000028b1f547d10]

GC Heap History (0 events):
No events

Deoptimization events (10 events):
Event: 1.725 Thread 0x0000028b41982000 DEOPT PACKING pc=0x0000028b26891fec sp=0x000000dab44fa2e0
Event: 1.725 Thread 0x0000028b41982000 DEOPT UNPACKING pc=0x0000028b1ed891af sp=0x000000dab44fa280 mode 2
Event: 1.725 Thread 0x0000028b41982000 Uncommon trap: trap_request=0xffffffde fr.pc=0x0000028b2688f260 relative=0x0000000000000120
Event: 1.725 Thread 0x0000028b41982000 Uncommon trap: reason=class_check action=maybe_recompile pc=0x0000028b2688f260 method=sun.java2d.d3d.D3DRenderer.validateContext(Lsun/java2d/SunGraphics2D;)V @ 4 c2
Event: 1.725 Thread 0x0000028b41982000 DEOPT PACKING pc=0x0000028b2688f260 sp=0x000000dab44fa360
Event: 1.725 Thread 0x0000028b41982000 DEOPT UNPACKING pc=0x0000028b1ed891af sp=0x000000dab44fa318 mode 2
Event: 1.793 Thread 0x0000028b41982000 Uncommon trap: trap_request=0xffffff4d fr.pc=0x0000028b2689b304 relative=0x00000000000016a4
Event: 1.793 Thread 0x0000028b41982000 Uncommon trap: reason=unstable_if action=reinterpret pc=0x0000028b2689b304 method=sun.java2d.pipe.BufferedContext.validate(Lsun/java2d/pipe/hw/AccelSurface;Lsun/java2d/pipe/hw/AccelSurface;Lsun/java2d/pipe/Region;Ljava/awt/Composite;Ljava/awt/geom/AffineT
Event: 1.793 Thread 0x0000028b41982000 DEOPT PACKING pc=0x0000028b2689b304 sp=0x000000dab44f9ac0
Event: 1.793 Thread 0x0000028b41982000 DEOPT UNPACKING pc=0x0000028b1ed891af sp=0x000000dab44f9a40 mode 2

Classes redefined (0 events):
No events

Internal exceptions (10 events):
Event: 1.291 Thread 0x0000028b16645000 Exception <a 'java/lang/NoSuchMethodError'{0x000000069827ffb8}: 'java.lang.Object java.lang.invoke.DirectMethodHandle$Holder.invokeSpecial(java.lang.Object, java.lang.Object, int, java.lang.Object, java.lang.Object, java.lang.Object)'> (0x000000069827ffb8
Event: 1.312 Thread 0x0000028b16645000 Exception <a 'java/lang/ClassNotFoundException'{0x000000069814c920}: com/sun/swing/internal/plaf/metal/resources/spi/metalProvider> (0x000000069814c920) thrown at [c:/cygwin64/tmp/openjdk-jdk11u-windows-x64-hotspot/workspace/build/src/src/hotspot/share/cl
Event: 1.312 Thread 0x0000028b16645000 Exception <a 'java/lang/ClassNotFoundException'{0x0000000698150998}: com/sun/swing/internal/plaf/basic/resources/spi/basicProvider> (0x0000000698150998) thrown at [c:/cygwin64/tmp/openjdk-jdk11u-windows-x64-hotspot/workspace/build/src/src/hotspot/share/cl
Event: 1.314 Thread 0x0000028b16645000 Exception <a 'java/lang/NoSuchMethodError'{0x000000069815e3f0}: 'void java.lang.invoke.DirectMethodHandle$Holder.invokeStaticInit(java.lang.Object)'> (0x000000069815e3f0) thrown at [c:/cygwin64/tmp/openjdk-jdk11u-windows-x64-hotspot/workspace/build/src/sr
Event: 1.320 Thread 0x0000028b16645000 Exception <a 'java/lang/NoSuchMethodError'{0x00000006981ab2c8}: 'java.lang.Object java.lang.invoke.DirectMethodHandle$Holder.invokeStatic(java.lang.Object, java.lang.Object, java.lang.Object, java.lang.Object, java.lang.Object, java.lang.Object, java.lang
Event: 1.321 Thread 0x0000028b16645000 Exception <a 'java/lang/NoSuchMethodError'{0x00000006981b7a78}: 'java.lang.Object java.lang.invoke.DirectMethodHandle$Holder.invokeStatic(java.lang.Object, java.lang.Object, java.lang.Object, java.lang.Object, java.lang.Object, java.lang.Object, java.lang
Event: 1.326 Thread 0x0000028b16645000 Exception <a 'java/lang/ClassNotFoundException'{0x0000000698029420}: com/sun/java/swing/plaf/windows/resources/spi/windowsProvider> (0x0000000698029420) thrown at [c:/cygwin64/tmp/openjdk-jdk11u-windows-x64-hotspot/workspace/build/src/src/hotspot/share/cl
Event: 1.490 Thread 0x0000028b41982000 Implicit null exception at 0x0000028b268723f8 to 0x0000028b2687248a
Event: 1.498 Thread 0x0000028b41982000 Implicit null exception at 0x0000028b2683092f to 0x0000028b268309a9
Event: 1.566 Thread 0x0000028b41982000 Exception <a 'java/lang/NoSuchMethodError'{0x0000000697e2fdd0}: 'java.lang.Object java.lang.invoke.Invokers$Holder.linkToTargetMethod(java.lang.Object, int, java.lang.Object)'> (0x0000000697e2fdd0) thrown at [c:/cygwin64/tmp/openjdk-jdk11u-windows-x64-hot

Events (10 events):
Event: 2.025 Executing VM operation: GetAllStackTraces
Event: 2.025 Executing VM operation: GetAllStackTraces done
Event: 2.026 loading class org/netbeans/lib/profiler/wireprotocol/EventBufferDumpedCommand
Event: 2.026 loading class org/netbeans/lib/profiler/wireprotocol/EventBufferDumpedCommand done
Event: 2.041 Executing VM operation: GetAllStackTraces
Event: 2.041 Executing VM operation: GetAllStackTraces done
Event: 2.054 loading class org/netbeans/lib/profiler/wireprotocol/DumpResultsResponse
Event: 2.054 loading class org/netbeans/lib/profiler/wireprotocol/DumpResultsResponse done
Event: 2.056 loading class org/netbeans/lib/profiler/wireprotocol/GetMethodNamesForJMethodIdsCommand
Event: 2.057 loading class org/netbeans/lib/profiler/wireprotocol/GetMethodNamesForJMethodIdsCommand done


Dynamic libraries:
0x00007ff75af80000 - 0x00007ff75afca000 	C:\Program Files\AdoptOpenJDK\jdk-11.0.4.11-hotspot\bin\java.exe
0x00007ff933b70000 - 0x00007ff933d65000 	C:\WINDOWS\SYSTEM32\ntdll.dll
0x00007ff9331b0000 - 0x00007ff93326e000 	C:\WINDOWS\System32\KERNEL32.DLL
0x00007ff931390000 - 0x00007ff931659000 	C:\WINDOWS\System32\KERNELBASE.dll
0x00007ff931d10000 - 0x00007ff931eb1000 	C:\WINDOWS\System32\USER32.dll
0x00007ff931860000 - 0x00007ff931882000 	C:\WINDOWS\System32\win32u.dll
0x00007ff933270000 - 0x00007ff93329b000 	C:\WINDOWS\System32\GDI32.dll
0x00007ff9316c0000 - 0x00007ff9317cb000 	C:\WINDOWS\System32\gdi32full.dll
0x00007ff931aa0000 - 0x00007ff931b3d000 	C:\WINDOWS\System32\msvcp_win.dll
0x00007ff931290000 - 0x00007ff931390000 	C:\WINDOWS\System32\ucrtbase.dll
0x00007ff921a50000 - 0x00007ff921cea000 	C:\WINDOWS\WinSxS\amd64_microsoft.windows.common-controls_6595b64144ccf1df_6.0.19041.1110_none_60b5254171f9507e\COMCTL32.dll
0x00007ff933040000 - 0x00007ff9330de000 	C:\WINDOWS\System32\msvcrt.dll
0x00007ff931ce0000 - 0x00007ff931d10000 	C:\WINDOWS\System32\IMM32.DLL
0x00007ff92bf80000 - 0x00007ff92bf96000 	C:\Program Files\AdoptOpenJDK\jdk-11.0.4.11-hotspot\bin\vcruntime140.dll
0x00007ff918e10000 - 0x00007ff918eab000 	C:\Program Files\AdoptOpenJDK\jdk-11.0.4.11-hotspot\bin\msvcp140.dll
0x00007ff8e1440000 - 0x00007ff8e1ef6000 	C:\Program Files\AdoptOpenJDK\jdk-11.0.4.11-hotspot\bin\server\jvm.dll
0x00007ff9320d0000 - 0x00007ff93217c000 	C:\WINDOWS\System32\ADVAPI32.dll
0x00007ff933a90000 - 0x00007ff933b2b000 	C:\WINDOWS\System32\sechost.dll
0x00007ff931ec0000 - 0x00007ff931fea000 	C:\WINDOWS\System32\RPCRT4.dll
0x00007ff932340000 - 0x00007ff932348000 	C:\WINDOWS\System32\PSAPI.DLL
0x00007ff92a8e0000 - 0x00007ff92a8ea000 	C:\WINDOWS\SYSTEM32\VERSION.dll
0x00007ff924670000 - 0x00007ff924697000 	C:\WINDOWS\SYSTEM32\WINMM.dll
0x00007ff91fc30000 - 0x00007ff91fc39000 	C:\WINDOWS\SYSTEM32\WSOCK32.dll
0x00007ff933830000 - 0x00007ff93389b000 	C:\WINDOWS\System32\WS2_32.dll
0x00007ff92f150000 - 0x00007ff92f162000 	C:\WINDOWS\SYSTEM32\kernel.appcore.dll
0x00007ff92ea00000 - 0x00007ff92ea10000 	C:\Program Files\AdoptOpenJDK\jdk-11.0.4.11-hotspot\bin\verify.dll
0x00007ff921790000 - 0x00007ff921974000 	C:\WINDOWS\SYSTEM32\DBGHELP.DLL
0x00007ff9200e0000 - 0x00007ff92010c000 	C:\WINDOWS\SYSTEM32\dbgcore.DLL
0x00007ff9317d0000 - 0x00007ff931853000 	C:\WINDOWS\System32\bcryptPrimitives.dll
0x00007ff921010000 - 0x00007ff921038000 	C:\Program Files\AdoptOpenJDK\jdk-11.0.4.11-hotspot\bin\java.dll
0x00007ff92c3a0000 - 0x00007ff92c3af000 	C:\Program Files\NetBeans-11.1\netbeans\profiler\lib\deployed\jdk16\windows-amd64\profilerinterface.dll
0x00007ff924480000 - 0x00007ff924496000 	C:\Program Files\AdoptOpenJDK\jdk-11.0.4.11-hotspot\bin\zip.dll
0x00007ff92bf20000 - 0x00007ff92bf2a000 	C:\Program Files\AdoptOpenJDK\jdk-11.0.4.11-hotspot\bin\jimage.dll
0x00007ff932350000 - 0x00007ff932a8f000 	C:\WINDOWS\System32\SHELL32.dll
0x00007ff92f350000 - 0x00007ff92fae0000 	C:\WINDOWS\SYSTEM32\windows.storage.dll
0x00007ff933410000 - 0x00007ff933765000 	C:\WINDOWS\System32\combase.dll
0x00007ff930b80000 - 0x00007ff930bac000 	C:\WINDOWS\SYSTEM32\Wldp.dll
0x00007ff9330e0000 - 0x00007ff93318d000 	C:\WINDOWS\System32\SHCORE.dll
0x00007ff9337d0000 - 0x00007ff933825000 	C:\WINDOWS\System32\shlwapi.dll
0x00007ff9311d0000 - 0x00007ff9311ef000 	C:\WINDOWS\SYSTEM32\profapi.dll
0x00007ff922ab0000 - 0x00007ff922ac9000 	C:\Program Files\AdoptOpenJDK\jdk-11.0.4.11-hotspot\bin\net.dll
0x00007ff920540000 - 0x00007ff92072b000 	C:\WINDOWS\SYSTEM32\urlmon.dll
0x00007ff9244a0000 - 0x00007ff9245a8000 	C:\WINDOWS\SYSTEM32\WINHTTP.dll
0x00007ff930730000 - 0x00007ff93073c000 	C:\WINDOWS\SYSTEM32\netutils.dll
0x00007ff920730000 - 0x00007ff920758000 	C:\WINDOWS\SYSTEM32\srvcli.dll
0x00007ff91fdc0000 - 0x00007ff920070000 	C:\WINDOWS\SYSTEM32\iertutil.dll
0x00007ff930910000 - 0x00007ff93097a000 	C:\WINDOWS\system32\mswsock.dll
0x00007ff920fd0000 - 0x00007ff920fe2000 	C:\Program Files\AdoptOpenJDK\jdk-11.0.4.11-hotspot\bin\nio.dll
0x00007ff92bf00000 - 0x00007ff92bf09000 	C:\Program Files\AdoptOpenJDK\jdk-11.0.4.11-hotspot\bin\management.dll
0x00007ff92abb0000 - 0x00007ff92abbb000 	C:\Program Files\AdoptOpenJDK\jdk-11.0.4.11-hotspot\bin\management_ext.dll
0x00007ff930b40000 - 0x00007ff930b58000 	C:\WINDOWS\SYSTEM32\CRYPTSP.dll
0x00007ff9302b0000 - 0x00007ff9302e4000 	C:\WINDOWS\system32\rsaenh.dll
0x00007ff931b90000 - 0x00007ff931bb7000 	C:\WINDOWS\System32\bcrypt.dll
0x00007ff931190000 - 0x00007ff9311be000 	C:\WINDOWS\SYSTEM32\USERENV.dll
0x00007ff930aa0000 - 0x00007ff930aac000 	C:\WINDOWS\SYSTEM32\CRYPTBASE.dll
0x00007ff930620000 - 0x00007ff93065b000 	C:\WINDOWS\SYSTEM32\IPHLPAPI.DLL
0x00007ff9338a0000 - 0x00007ff9338a8000 	C:\WINDOWS\System32\NSI.dll
0x00007ff92a8c0000 - 0x00007ff92a8d7000 	C:\WINDOWS\SYSTEM32\dhcpcsvc6.DLL
0x00007ff92ae10000 - 0x00007ff92ae2d000 	C:\WINDOWS\SYSTEM32\dhcpcsvc.DLL
0x00007ff930660000 - 0x00007ff93072c000 	C:\WINDOWS\SYSTEM32\DNSAPI.dll
0x00007ff8fd630000 - 0x00007ff8fd7c9000 	C:\Program Files\AdoptOpenJDK\jdk-11.0.4.11-hotspot\bin\awt.dll
0x00007ff932a90000 - 0x00007ff932b5d000 	C:\WINDOWS\System32\OLEAUT32.dll
0x00007ff92cf70000 - 0x00007ff92d530000 	C:\WINDOWS\SYSTEM32\d2d1.dll
0x00007ff92eb70000 - 0x00007ff92ec00000 	C:\WINDOWS\SYSTEM32\apphelp.dll
0x00007ff92ec70000 - 0x00007ff92ed0e000 	C:\WINDOWS\system32\uxtheme.dll
0x00007ff931bc0000 - 0x00007ff931cd5000 	C:\WINDOWS\System32\MSCTF.dll
0x00007ff933960000 - 0x00007ff933a8a000 	C:\WINDOWS\System32\ole32.dll
0x00007ff92ef70000 - 0x00007ff92ef9f000 	C:\WINDOWS\system32\DWMAPI.DLL
0x00007ff8f8850000 - 0x00007ff8f8975000 	C:\WINDOWS\system32\opengl32.dll
0x00007ff91f760000 - 0x00007ff91f78c000 	C:\WINDOWS\SYSTEM32\GLU32.dll
0x00007ff9180a0000 - 0x00007ff91826e000 	C:\WINDOWS\system32\d3d9.dll
0x00007ff9272b0000 - 0x00007ff9273b2000 	C:\WINDOWS\System32\DriverStore\FileRepository\nv_dispi.inf_amd64_60daf66a00f2e0b6\nvldumdx.dll
0x00007ff930da0000 - 0x00007ff930db2000 	C:\WINDOWS\SYSTEM32\msasn1.dll
0x00007ff92a910000 - 0x00007ff92a941000 	C:\WINDOWS\SYSTEM32\cryptnet.dll
0x00007ff931890000 - 0x00007ff9319e6000 	C:\WINDOWS\System32\CRYPT32.dll
0x00007ff931660000 - 0x00007ff9316c0000 	C:\WINDOWS\System32\WINTRUST.DLL
0x00007ff933190000 - 0x00007ff9331ad000 	C:\WINDOWS\System32\imagehlp.dll
0x00007ff8dfa20000 - 0x00007ff8e143b000 	C:\WINDOWS\System32\DriverStore\FileRepository\nv_dispi.inf_amd64_60daf66a00f2e0b6\nvd3dumx.dll
0x00007ff8f5190000 - 0x00007ff8f5442000 	C:\WINDOWS\system32\nvspcap64.dll
0x00007ff92ff20000 - 0x00007ff92ff53000 	C:\WINDOWS\SYSTEM32\ntmarta.dll
0x00007ff92faf0000 - 0x00007ff92fb13000 	C:\WINDOWS\SYSTEM32\gpapi.dll
0x00007ff9273e0000 - 0x00007ff92741b000 	C:\WINDOWS\SYSTEM32\dxcore.dll
0x00007ff931b40000 - 0x00007ff931b8e000 	C:\WINDOWS\System32\cfgmgr32.dll
0x00007ff918d90000 - 0x00007ff918e10000 	C:\Program Files\AdoptOpenJDK\jdk-11.0.4.11-hotspot\bin\freetype.dll
0x00007ff906d80000 - 0x00007ff906e26000 	C:\Program Files\AdoptOpenJDK\jdk-11.0.4.11-hotspot\bin\fontmanager.dll
0x00007ff9338b0000 - 0x00007ff933959000 	C:\WINDOWS\System32\clbcatq.dll
0x00007ff92af80000 - 0x00007ff92b134000 	C:\WINDOWS\SYSTEM32\WindowsCodecs.dll
0x00007ff9076b0000 - 0x00007ff9076ee000 	C:\WINDOWS\system32\dataexchange.dll
0x00007ff92dea0000 - 0x00007ff92e085000 	C:\WINDOWS\system32\dcomp.dll
0x00007ff92d530000 - 0x00007ff92d794000 	C:\WINDOWS\system32\d3d11.dll
0x00007ff92fb20000 - 0x00007ff92fc14000 	C:\WINDOWS\system32\dxgi.dll
0x00007ff92cbe0000 - 0x00007ff92cde1000 	C:\WINDOWS\system32\twinapi.appcore.dll
0x00007ff91a420000 - 0x00007ff91a519000 	C:\WINDOWS\SYSTEM32\textinputframework.dll
0x00007ff92e450000 - 0x00007ff92e7ae000 	C:\WINDOWS\System32\CoreUIComponents.dll
0x00007ff92e7b0000 - 0x00007ff92e8a2000 	C:\WINDOWS\System32\CoreMessaging.dll
0x00007ff92dd40000 - 0x00007ff92de94000 	C:\WINDOWS\SYSTEM32\wintypes.dll

dbghelp: loaded successfully - version: 4.0.5 - missing functions: none
symbol engine: initialized successfully - sym options: 0x614 - pdb path: .;C:\Program Files\AdoptOpenJDK\jdk-11.0.4.11-hotspot\bin;C:\WINDOWS\SYSTEM32;C:\WINDOWS\WinSxS\amd64_microsoft.windows.common-controls_6595b64144ccf1df_6.0.19041.1110_none_60b5254171f9507e;C:\Program Files\AdoptOpenJDK\jdk-11.0.4.11-hotspot\bin\server;C:\Program Files\NetBeans-11.1\netbeans\profiler\lib\deployed\jdk16\windows-amd64;C:\WINDOWS\System32\DriverStore\FileRepository\nv_dispi.inf_amd64_60daf66a00f2e0b6

VM Arguments:
jvm_args: -Dfile.encoding=UTF-8 -agentpath:C:/Program Files/NetBeans-11.1/netbeans/profiler/lib/deployed/jdk16/windows-amd64/profilerinterface.dll=C:\Program Files\NetBeans-11.1\netbeans\profiler\lib,5140,10 -XX:+HeapDumpOnOutOfMemoryError -XX:HeapDumpPath=D:\GitHub\Cellular-Automata-Tool\Cellular Automatool\nbproject\private\profiler 
java_command: gui.MainFrame
java_class_path (initial): D:\GitHub\Cellular-Automata-Tool\Cellular Automatool\lib\xstream-1.4.18.jar;D:\GitHub\Cellular-Automata-Tool\Cellular Automatool\build\classes
Launcher Type: SUN_STANDARD

[Global flags]
     intx CICompilerCount                          = 3                                         {product} {ergonomic}
     uint ConcGCThreads                            = 2                                         {product} {ergonomic}
     uint G1ConcRefinementThreads                  = 6                                         {product} {ergonomic}
   size_t G1HeapRegionSize                         = 1048576                                   {product} {ergonomic}
    uintx GCDrainStackTargetSize                   = 64                                        {product} {ergonomic}
     bool HeapDumpOnOutOfMemoryError               = true                                   {manageable} {command line}
    ccstr HeapDumpPath                             = D:\GitHub\Cellular-Automata-Tool\Cellular Automatool\nbproject\private\profiler         {manageable} {command line}
   size_t InitialHeapSize                          = 402653184                                 {product} {ergonomic}
   size_t MarkStackSize                            = 4194304                                   {product} {ergonomic}
   size_t MaxHeapSize                              = 6427770880                                {product} {ergonomic}
   size_t MaxNewSize                               = 3856662528                                {product} {ergonomic}
   size_t MinHeapDeltaBytes                        = 1048576                                   {product} {ergonomic}
    uintx NonNMethodCodeHeapSize                   = 5830092                                {pd product} {ergonomic}
    uintx NonProfiledCodeHeapSize                  = 122914074                              {pd product} {ergonomic}
    uintx ProfiledCodeHeapSize                     = 122914074                              {pd product} {ergonomic}
    uintx ReservedCodeCacheSize                    = 251658240                              {pd product} {ergonomic}
     bool SegmentedCodeCache                       = true                                      {product} {ergonomic}
     bool UseCompressedClassPointers               = true                                 {lp64_product} {ergonomic}
     bool UseCompressedOops                        = true                                 {lp64_product} {ergonomic}
     bool UseG1GC                                  = true                                      {product} {ergonomic}
     bool UseLargePagesIndividualAllocation        = false                                  {pd product} {ergonomic}

Logging:
Log output configuration:
 #0: stdout all=warning uptime,level,tags
 #1: stderr all=off uptime,level,tags

Environment Variables:
JAVA_HOME=C:\Program Files\AdoptOpenJDK\jdk-11.0.4.11-hotspot\
PATH=C:\Program Files (x86)\Embarcadero\Studio\20.0\bin;C:\Users\Public\Documents\Embarcadero\Studio\20.0\Bpl;C:\Program Files (x86)\Embarcadero\Studio\20.0\bin64;C:\Users\Public\Documents\Embarcadero\Studio\20.0\Bpl\Win64;C:\Program Files\Python37\Scripts\;C:\Program Files\Python37\;C:\Program Files\AdoptOpenJDK\jdk-11.0.4.11-hotspot\bin;C:\Program Files (x86)\Common Files\Oracle\Java\javapath;C:\Program Files (x86)\Common Files\Intel\Shared Libraries\redist\intel64_win\compiler;C:\WINDOWS\system32;C:\WINDOWS;C:\WINDOWS\System32\Wbem;C:\WINDOWS\System32\WindowsPowerShell\v1.0\;C:\WINDOWS\System32\OpenSSH\;C:\Program Files\NVIDIA Corporation\NVIDIA NvDLISR;C:\Program Files (x86)\NVIDIA Corporation\PhysX\Common;C:\WINDOWS\system32;C:\WINDOWS;C:\WINDOWS\System32\Wbem;C:\WINDOWS\System32\WindowsPowerShell\v1.0\;C:\WINDOWS\System32\OpenSSH\;C:\Program Files\dotnet\;C:\ProgramData\chocolatey\bin;C:\Program Files (x86)\GtkSharp\2.12\bin;C:\Program Files\MiKTeX\miktex\bin\x64\;C:\Users\jason\AppData\Local\Programs\Python\Python39\Scripts\;C:\Users\jason\AppData\Local\Programs\Python\Python39\;C:\Users\jason\AppData\Local\Programs\Python\Python36\Scripts\;C:\Users\jason\AppData\Local\Programs\Python\Python36\;C:\Users\jason\AppData\Local\Microsoft\WindowsApps;C:\Users\jason\AppData\Local\Programs\Microsoft VS Code\bin;C:\Program Files\JetBrains\PhpStorm 2020.1.1\bin;C:\Users\jason\AppData\Local\Programs\Julia 1.5.1\bin;C:\Users\jason\AppData\Local\Pandoc\;C:\Users\jason\AppData\Local\Microsoft\WindowsApps;C:\Users\jason\.dotnet\tools;C:\Program Files\processing-3.5.4;C:\MingW\bin;C:\Users\jason\AppData\Local\GitHubDesktop\bin;C:\Users\jason\AppData\Local\atom\bin
USERNAME=jason
OS=Windows_NT
PROCESSOR_IDENTIFIER=Intel64 Family 6 Model 158 Stepping 10, GenuineIntel



---------------  S Y S T E M  ---------------

OS: Windows 10 , 64 bit Build 19041 (10.0.19041.1202)

CPU:total 6 (initial active 6) (6 cores per cpu, 1 threads per core) family 6 model 158 stepping 10, cmov, cx8, fxsr, mmx, sse, sse2, sse3, ssse3, sse4.1, sse4.2, popcnt, avx, avx2, aes, clmul, erms, 3dnowpref, lzcnt, tsc, tscinvbit, bmi1, bmi2, adx, fma

Memory: 4k page, system-wide physical 24512M (14661M free)
TotalPageFile size 28096M (AvailPageFile size 12927M)
current process WorkingSet (physical memory assigned to process): 136M, peak: 137M
current process commit charge ("private bytes"): 547M, peak: 552M

vm_info: OpenJDK 64-Bit Server VM (11.0.4+11) for windows-amd64 JRE (11.0.4+11), built on Jul 18 2019 06:43:34 by "" with MS VC++ 15.8 (VS2017)

END.
